[debug] [2024-06-24T22:24:27.764Z] ----------------------------------------------------------------------
[debug] [2024-06-24T22:24:27.767Z] Command:       /Users/lilian/.nvm/versions/node/v20.11.0/bin/node /usr/local/bin/firebase deploy --only functions
[debug] [2024-06-24T22:24:27.767Z] CLI Version:   13.0.1
[debug] [2024-06-24T22:24:27.768Z] Platform:      darwin
[debug] [2024-06-24T22:24:27.768Z] Node Version:  v20.11.0
[debug] [2024-06-24T22:24:27.768Z] Time:          Mon Jun 24 2024 23:24:27 GMT+0100 (West Africa Standard Time)
[debug] [2024-06-24T22:24:27.768Z] ----------------------------------------------------------------------
[debug] 
[debug] [2024-06-24T22:24:27.825Z] > command requires scopes: ["email","openid","https://www.googleapis.com/auth/cloudplatformprojects.readonly","https://www.googleapis.com/auth/firebase","https://www.googleapis.com/auth/cloud-platform"]
[debug] [2024-06-24T22:24:27.825Z] > authorizing via signed-in user (lilibest30.lb@gmail.com)
[debug] [2024-06-24T22:24:27.825Z] [iam] checking project chatter-app-f65ae for permissions ["cloudfunctions.functions.create","cloudfunctions.functions.delete","cloudfunctions.functions.get","cloudfunctions.functions.list","cloudfunctions.functions.update","cloudfunctions.operations.get","firebase.projects.get"]
[debug] [2024-06-24T22:24:27.826Z] >>> [apiv2][query] POST https://cloudresourcemanager.googleapis.com/v1/projects/chatter-app-f65ae:testIamPermissions [none]
[debug] [2024-06-24T22:24:27.826Z] >>> [apiv2][(partial)header] POST https://cloudresourcemanager.googleapis.com/v1/projects/chatter-app-f65ae:testIamPermissions x-goog-quota-user=projects/chatter-app-f65ae
[debug] [2024-06-24T22:24:27.827Z] >>> [apiv2][body] POST https://cloudresourcemanager.googleapis.com/v1/projects/chatter-app-f65ae:testIamPermissions {"permissions":["cloudfunctions.functions.create","cloudfunctions.functions.delete","cloudfunctions.functions.get","cloudfunctions.functions.list","cloudfunctions.functions.update","cloudfunctions.operations.get","firebase.projects.get"]}
[debug] [2024-06-24T22:24:29.403Z] <<< [apiv2][status] POST https://cloudresourcemanager.googleapis.com/v1/projects/chatter-app-f65ae:testIamPermissions 200
[debug] [2024-06-24T22:24:29.404Z] <<< [apiv2][body] POST https://cloudresourcemanager.googleapis.com/v1/projects/chatter-app-f65ae:testIamPermissions {"permissions":["cloudfunctions.functions.create","cloudfunctions.functions.delete","cloudfunctions.functions.get","cloudfunctions.functions.list","cloudfunctions.functions.update","cloudfunctions.operations.get","firebase.projects.get"]}
[debug] [2024-06-24T22:24:29.404Z] >>> [apiv2][query] POST https://iam.googleapis.com/v1/projects/chatter-app-f65ae/serviceAccounts/chatter-app-f65ae@appspot.gserviceaccount.com:testIamPermissions [none]
[debug] [2024-06-24T22:24:29.404Z] >>> [apiv2][body] POST https://iam.googleapis.com/v1/projects/chatter-app-f65ae/serviceAccounts/chatter-app-f65ae@appspot.gserviceaccount.com:testIamPermissions {"permissions":["iam.serviceAccounts.actAs"]}
[debug] [2024-06-24T22:24:30.629Z] <<< [apiv2][status] POST https://iam.googleapis.com/v1/projects/chatter-app-f65ae/serviceAccounts/chatter-app-f65ae@appspot.gserviceaccount.com:testIamPermissions 200
[debug] [2024-06-24T22:24:30.629Z] <<< [apiv2][body] POST https://iam.googleapis.com/v1/projects/chatter-app-f65ae/serviceAccounts/chatter-app-f65ae@appspot.gserviceaccount.com:testIamPermissions {"permissions":["iam.serviceAccounts.actAs"]}
[info] 
[info] === Deploying to 'chatter-app-f65ae'...
[info] 
[info] i  deploying functions 
[info] Running command: npm --prefix "$RESOURCE_DIR" run lint
[info] ✔  functions: Finished running predeploy script. 
[debug] [2024-06-24T22:24:31.516Z] >>> [apiv2][query] GET https://firebase.googleapis.com/v1beta1/projects/chatter-app-f65ae [none]
[debug] [2024-06-24T22:24:32.397Z] <<< [apiv2][status] GET https://firebase.googleapis.com/v1beta1/projects/chatter-app-f65ae 200
[debug] [2024-06-24T22:24:32.397Z] <<< [apiv2][body] GET https://firebase.googleapis.com/v1beta1/projects/chatter-app-f65ae {"projectId":"chatter-app-f65ae","projectNumber":"198866169869","displayName":"Chatter-app","name":"projects/chatter-app-f65ae","resources":{"hostingSite":"chatter-app-f65ae","realtimeDatabaseInstance":"chatter-app-f65ae-default-rtdb","storageBucket":"chatter-app-f65ae.appspot.com","locationId":"us-central"},"state":"ACTIVE","etag":"1_786b9fe4-5f26-405e-affd-3249d4575fed"}
[info] i  functions: preparing codebase default for deployment 
[info] i  functions: ensuring required API cloudfunctions.googleapis.com is enabled... 
[info] i  functions: ensuring required API cloudbuild.googleapis.com is enabled... 
[info] i  artifactregistry: ensuring required API artifactregistry.googleapis.com is enabled... 
[debug] [2024-06-24T22:24:32.400Z] >>> [apiv2][query] GET https://serviceusage.googleapis.com/v1/projects/chatter-app-f65ae/services/cloudfunctions.googleapis.com [none]
[debug] [2024-06-24T22:24:32.400Z] >>> [apiv2][(partial)header] GET https://serviceusage.googleapis.com/v1/projects/chatter-app-f65ae/services/cloudfunctions.googleapis.com x-goog-quota-user=projects/chatter-app-f65ae
[debug] [2024-06-24T22:24:32.402Z] >>> [apiv2][query] GET https://serviceusage.googleapis.com/v1/projects/chatter-app-f65ae/services/runtimeconfig.googleapis.com [none]
[debug] [2024-06-24T22:24:32.402Z] >>> [apiv2][(partial)header] GET https://serviceusage.googleapis.com/v1/projects/chatter-app-f65ae/services/runtimeconfig.googleapis.com x-goog-quota-user=projects/chatter-app-f65ae
[debug] [2024-06-24T22:24:32.404Z] >>> [apiv2][query] GET https://serviceusage.googleapis.com/v1/projects/chatter-app-f65ae/services/cloudbuild.googleapis.com [none]
[debug] [2024-06-24T22:24:32.404Z] >>> [apiv2][(partial)header] GET https://serviceusage.googleapis.com/v1/projects/chatter-app-f65ae/services/cloudbuild.googleapis.com x-goog-quota-user=projects/chatter-app-f65ae
[debug] [2024-06-24T22:24:32.406Z] >>> [apiv2][query] GET https://serviceusage.googleapis.com/v1/projects/chatter-app-f65ae/services/artifactregistry.googleapis.com [none]
[debug] [2024-06-24T22:24:32.406Z] >>> [apiv2][(partial)header] GET https://serviceusage.googleapis.com/v1/projects/chatter-app-f65ae/services/artifactregistry.googleapis.com x-goog-quota-user=projects/chatter-app-f65ae
[debug] [2024-06-24T22:24:34.804Z] <<< [apiv2][status] GET https://serviceusage.googleapis.com/v1/projects/chatter-app-f65ae/services/runtimeconfig.googleapis.com 200
[debug] [2024-06-24T22:24:34.804Z] <<< [apiv2][body] GET https://serviceusage.googleapis.com/v1/projects/chatter-app-f65ae/services/runtimeconfig.googleapis.com [omitted]
[debug] [2024-06-24T22:24:34.805Z] <<< [apiv2][status] GET https://serviceusage.googleapis.com/v1/projects/chatter-app-f65ae/services/cloudbuild.googleapis.com 200
[debug] [2024-06-24T22:24:34.806Z] <<< [apiv2][body] GET https://serviceusage.googleapis.com/v1/projects/chatter-app-f65ae/services/cloudbuild.googleapis.com [omitted]
[warn] ⚠  functions: missing required API cloudbuild.googleapis.com. Enabling now... 
[debug] [2024-06-24T22:24:34.806Z] >>> [apiv2][query] POST https://serviceusage.googleapis.com/v1/projects/chatter-app-f65ae/services/cloudbuild.googleapis.com:enable [none]
[debug] [2024-06-24T22:24:34.806Z] >>> [apiv2][(partial)header] POST https://serviceusage.googleapis.com/v1/projects/chatter-app-f65ae/services/cloudbuild.googleapis.com:enable x-goog-quota-user=projects/chatter-app-f65ae
[debug] [2024-06-24T22:24:34.808Z] <<< [apiv2][status] GET https://serviceusage.googleapis.com/v1/projects/chatter-app-f65ae/services/artifactregistry.googleapis.com 200
[debug] [2024-06-24T22:24:34.808Z] <<< [apiv2][body] GET https://serviceusage.googleapis.com/v1/projects/chatter-app-f65ae/services/artifactregistry.googleapis.com [omitted]
[warn] ⚠  artifactregistry: missing required API artifactregistry.googleapis.com. Enabling now... 
[debug] [2024-06-24T22:24:34.809Z] >>> [apiv2][query] POST https://serviceusage.googleapis.com/v1/projects/chatter-app-f65ae/services/artifactregistry.googleapis.com:enable [none]
[debug] [2024-06-24T22:24:34.809Z] >>> [apiv2][(partial)header] POST https://serviceusage.googleapis.com/v1/projects/chatter-app-f65ae/services/artifactregistry.googleapis.com:enable x-goog-quota-user=projects/chatter-app-f65ae
[debug] [2024-06-24T22:24:34.810Z] <<< [apiv2][status] GET https://serviceusage.googleapis.com/v1/projects/chatter-app-f65ae/services/cloudfunctions.googleapis.com 200
[debug] [2024-06-24T22:24:34.810Z] <<< [apiv2][body] GET https://serviceusage.googleapis.com/v1/projects/chatter-app-f65ae/services/cloudfunctions.googleapis.com [omitted]
[info] ✔  functions: required API cloudfunctions.googleapis.com is enabled 
[debug] [2024-06-24T22:24:36.396Z] <<< [apiv2][status] POST https://serviceusage.googleapis.com/v1/projects/chatter-app-f65ae/services/artifactregistry.googleapis.com:enable 200
[debug] [2024-06-24T22:24:36.397Z] <<< [apiv2][body] POST https://serviceusage.googleapis.com/v1/projects/chatter-app-f65ae/services/artifactregistry.googleapis.com:enable [omitted]
[debug] [2024-06-24T22:24:36.419Z] <<< [apiv2][status] POST https://serviceusage.googleapis.com/v1/projects/chatter-app-f65ae/services/cloudbuild.googleapis.com:enable 200
[debug] [2024-06-24T22:24:36.419Z] <<< [apiv2][body] POST https://serviceusage.googleapis.com/v1/projects/chatter-app-f65ae/services/cloudbuild.googleapis.com:enable [omitted]
[debug] [2024-06-24T22:24:46.399Z] >>> [apiv2][query] GET https://serviceusage.googleapis.com/v1/projects/chatter-app-f65ae/services/artifactregistry.googleapis.com [none]
[debug] [2024-06-24T22:24:46.400Z] >>> [apiv2][(partial)header] GET https://serviceusage.googleapis.com/v1/projects/chatter-app-f65ae/services/artifactregistry.googleapis.com x-goog-quota-user=projects/chatter-app-f65ae
[debug] [2024-06-24T22:24:46.420Z] >>> [apiv2][query] GET https://serviceusage.googleapis.com/v1/projects/chatter-app-f65ae/services/cloudbuild.googleapis.com [none]
[debug] [2024-06-24T22:24:46.421Z] >>> [apiv2][(partial)header] GET https://serviceusage.googleapis.com/v1/projects/chatter-app-f65ae/services/cloudbuild.googleapis.com x-goog-quota-user=projects/chatter-app-f65ae
[debug] [2024-06-24T22:24:47.954Z] <<< [apiv2][status] GET https://serviceusage.googleapis.com/v1/projects/chatter-app-f65ae/services/cloudbuild.googleapis.com 200
[debug] [2024-06-24T22:24:47.954Z] <<< [apiv2][body] GET https://serviceusage.googleapis.com/v1/projects/chatter-app-f65ae/services/cloudbuild.googleapis.com [omitted]
[info] ✔  functions: required API cloudbuild.googleapis.com is enabled 
[debug] [2024-06-24T22:24:47.963Z] <<< [apiv2][status] GET https://serviceusage.googleapis.com/v1/projects/chatter-app-f65ae/services/artifactregistry.googleapis.com 200
[debug] [2024-06-24T22:24:47.963Z] <<< [apiv2][body] GET https://serviceusage.googleapis.com/v1/projects/chatter-app-f65ae/services/artifactregistry.googleapis.com [omitted]
[info] ✔  artifactregistry: required API artifactregistry.googleapis.com is enabled 
[debug] [2024-06-24T22:24:47.965Z] >>> [apiv2][query] GET https://firebase.googleapis.com/v1beta1/projects/chatter-app-f65ae/adminSdkConfig [none]
[debug] [2024-06-24T22:24:49.136Z] <<< [apiv2][status] GET https://firebase.googleapis.com/v1beta1/projects/chatter-app-f65ae/adminSdkConfig 200
[debug] [2024-06-24T22:24:49.136Z] <<< [apiv2][body] GET https://firebase.googleapis.com/v1beta1/projects/chatter-app-f65ae/adminSdkConfig {"projectId":"chatter-app-f65ae","databaseURL":"https://chatter-app-f65ae-default-rtdb.firebaseio.com","storageBucket":"chatter-app-f65ae.appspot.com","locationId":"us-central"}
[debug] [2024-06-24T22:24:49.137Z] >>> [apiv2][query] GET https://runtimeconfig.googleapis.com/v1beta1/projects/chatter-app-f65ae/configs [none]
[debug] [2024-06-24T22:24:51.064Z] <<< [apiv2][status] GET https://runtimeconfig.googleapis.com/v1beta1/projects/chatter-app-f65ae/configs 200
[debug] [2024-06-24T22:24:51.064Z] <<< [apiv2][body] GET https://runtimeconfig.googleapis.com/v1beta1/projects/chatter-app-f65ae/configs {}
[debug] [2024-06-24T22:24:51.067Z] Validating nodejs source
[warn] ⚠  functions: package.json indicates an outdated version of firebase-functions. Please upgrade using npm install --save firebase-functions@latest in your functions directory. 
[warn] ⚠  functions: Please note that there will be breaking changes when you upgrade. 
[debug] [2024-06-24T22:24:52.273Z] > [functions] package.json contents: {
  "name": "functions",
  "description": "Cloud Functions for Firebase",
  "scripts": {
    "lint": "eslint .",
    "serve": "firebase emulators:start --only functions",
    "shell": "firebase functions:shell",
    "start": "npm run shell",
    "deploy": "firebase deploy --only functions",
    "logs": "firebase functions:log"
  },
  "engines": {
    "node": "18"
  },
  "main": "index.js",
  "dependencies": {
    "firebase-admin": "^11.8.0",
    "firebase-functions": "^4.3.1"
  },
  "devDependencies": {
    "eslint": "^8.15.0",
    "eslint-config-google": "^0.14.0",
    "firebase-functions-test": "^3.1.0"
  },
  "private": true
}
[debug] [2024-06-24T22:24:52.274Z] Building nodejs source
[info] i  functions: Loading and analyzing source code for codebase default to determine what to deploy 
[debug] [2024-06-24T22:24:52.274Z] Could not find functions.yaml. Must use http discovery
[debug] [2024-06-24T22:24:52.283Z] Found firebase-functions binary at '/Users/lilian/Desktop/Projects/ChatterApp/Server/functions/node_modules/.bin/firebase-functions'
[info] Serving at port 8933

[debug] [2024-06-24T22:24:53.595Z] Got response from /__/functions.yaml {"endpoints":{"sendWelcomeEmail":{"platform":"gcfv1","availableMemoryMb":null,"timeoutSeconds":null,"minInstances":null,"maxInstances":null,"ingressSettings":null,"serviceAccountEmail":null,"vpc":null,"eventTrigger":{"eventType":"providers/firebase.auth/eventTypes/user.create","eventFilters":{"resource":"projects/chatter-app-f65ae"},"retry":false},"labels":{},"entryPoint":"sendWelcomeEmail"}},"specVersion":"v1alpha1","requiredAPIs":[]}
[info] i  functions: preparing functions directory for uploading... 
[info] i  functions: packaged /Users/lilian/Desktop/Projects/ChatterApp/Server/functions (75.09 KB) for uploading 
[debug] [2024-06-24T22:24:58.648Z] >>> [apiv2][query] GET https://cloudfunctions.googleapis.com/v1/projects/chatter-app-f65ae/locations/-/functions [none]
[debug] [2024-06-24T22:24:59.827Z] <<< [apiv2][status] GET https://cloudfunctions.googleapis.com/v1/projects/chatter-app-f65ae/locations/-/functions 200
[debug] [2024-06-24T22:24:59.827Z] <<< [apiv2][body] GET https://cloudfunctions.googleapis.com/v1/projects/chatter-app-f65ae/locations/-/functions {}
[debug] [2024-06-24T22:24:59.828Z] >>> [apiv2][query] GET https://cloudfunctions.googleapis.com/v2/projects/chatter-app-f65ae/locations/-/functions filter=environment%3D%22GEN_2%22
[debug] [2024-06-24T22:25:00.891Z] <<< [apiv2][status] GET https://cloudfunctions.googleapis.com/v2/projects/chatter-app-f65ae/locations/-/functions 200
[debug] [2024-06-24T22:25:00.891Z] <<< [apiv2][body] GET https://cloudfunctions.googleapis.com/v2/projects/chatter-app-f65ae/locations/-/functions {}
[debug] [2024-06-24T22:25:00.896Z] >>> [apiv2][query] GET https://firebase.googleapis.com/v1beta1/projects/chatter-app-f65ae [none]
[debug] [2024-06-24T22:25:01.587Z] <<< [apiv2][status] GET https://firebase.googleapis.com/v1beta1/projects/chatter-app-f65ae 200
[debug] [2024-06-24T22:25:01.588Z] <<< [apiv2][body] GET https://firebase.googleapis.com/v1beta1/projects/chatter-app-f65ae {"projectId":"chatter-app-f65ae","projectNumber":"198866169869","displayName":"Chatter-app","name":"projects/chatter-app-f65ae","resources":{"hostingSite":"chatter-app-f65ae","realtimeDatabaseInstance":"chatter-app-f65ae-default-rtdb","storageBucket":"chatter-app-f65ae.appspot.com","locationId":"us-central"},"state":"ACTIVE","etag":"1_786b9fe4-5f26-405e-affd-3249d4575fed"}
[debug] [2024-06-24T22:25:01.590Z] >>> [apiv2][query] POST https://cloudfunctions.googleapis.com/v1/projects/chatter-app-f65ae/locations/us-central1/functions:generateUploadUrl [none]
[debug] [2024-06-24T22:25:01.590Z] >>> [apiv2][body] POST https://cloudfunctions.googleapis.com/v1/projects/chatter-app-f65ae/locations/us-central1/functions:generateUploadUrl {}
[debug] [2024-06-24T22:25:09.446Z] <<< [apiv2][status] POST https://cloudfunctions.googleapis.com/v1/projects/chatter-app-f65ae/locations/us-central1/functions:generateUploadUrl 500
[debug] [2024-06-24T22:25:09.447Z] <<< [apiv2][body] POST https://cloudfunctions.googleapis.com/v1/projects/chatter-app-f65ae/locations/us-central1/functions:generateUploadUrl {"error":{"code":500,"message":"Failed to generate source upload url for 1st Gen function projects/chatter-app-f65ae/locations/us-central1: The service has encountered an internal error. Please try again later","status":"INTERNAL"}}
[info] 

There was an issue deploying your functions. Verify that your project has a Google App Engine instance setup at https://console.cloud.google.com/appengine and try again. If this issue persists, please contact support.
[warn] ⚠  functions: Upload Error: HTTP Error: 500, Failed to generate source upload url for 1st Gen function projects/chatter-app-f65ae/locations/us-central1: The service has encountered an internal error. Please try again later 
[error] 
[error] Error: HTTP Error: 500, Failed to generate source upload url for 1st Gen function projects/chatter-app-f65ae/locations/us-central1: The service has encountered an internal error. Please try again later
[debug] [2024-06-24T22:25:09.832Z] Error Context: {
  "body": {
    "error": {
      "code": 500,
      "message": "Failed to generate source upload url for 1st Gen function projects/chatter-app-f65ae/locations/us-central1: The service has encountered an internal error. Please try again later",
      "status": "INTERNAL"
    }
  },
  "response": {
    "statusCode": 500
  }
}
[debug] [2024-07-07T12:59:46.063Z] ----------------------------------------------------------------------
[debug] [2024-07-07T12:59:46.070Z] Command:       /Users/lilian/.nvm/versions/node/v20.11.0/bin/node /usr/local/bin/firebase deploy --only functions
[debug] [2024-07-07T12:59:46.070Z] CLI Version:   13.0.1
[debug] [2024-07-07T12:59:46.070Z] Platform:      darwin
[debug] [2024-07-07T12:59:46.070Z] Node Version:  v20.11.0
[debug] [2024-07-07T12:59:46.070Z] Time:          Sun Jul 07 2024 13:59:46 GMT+0100 (West Africa Standard Time)
[debug] [2024-07-07T12:59:46.071Z] ----------------------------------------------------------------------
[debug] 
[debug] [2024-07-07T12:59:46.072Z] >>> [apiv2][query] GET https://firebase-public.firebaseio.com/cli.json [none]
[debug] [2024-07-07T12:59:46.171Z] > command requires scopes: ["email","openid","https://www.googleapis.com/auth/cloudplatformprojects.readonly","https://www.googleapis.com/auth/firebase","https://www.googleapis.com/auth/cloud-platform"]
[debug] [2024-07-07T12:59:46.172Z] > authorizing via signed-in user (lilibest30.lb@gmail.com)
[debug] [2024-07-07T12:59:46.172Z] [iam] checking project chatter-app-f65ae for permissions ["cloudfunctions.functions.create","cloudfunctions.functions.delete","cloudfunctions.functions.get","cloudfunctions.functions.list","cloudfunctions.functions.update","cloudfunctions.operations.get","firebase.projects.get"]
[debug] [2024-07-07T12:59:46.173Z] > refreshing access token with scopes: []
[debug] [2024-07-07T12:59:46.173Z] >>> [apiv2][query] POST https://www.googleapis.com/oauth2/v3/token [none]
[debug] [2024-07-07T12:59:46.173Z] >>> [apiv2][body] POST https://www.googleapis.com/oauth2/v3/token [omitted]
[debug] [2024-07-07T12:59:46.737Z] <<< [apiv2][status] POST https://www.googleapis.com/oauth2/v3/token 200
[debug] [2024-07-07T12:59:46.737Z] <<< [apiv2][body] POST https://www.googleapis.com/oauth2/v3/token [omitted]
[debug] [2024-07-07T12:59:46.767Z] >>> [apiv2][query] POST https://cloudresourcemanager.googleapis.com/v1/projects/chatter-app-f65ae:testIamPermissions [none]
[debug] [2024-07-07T12:59:46.767Z] >>> [apiv2][(partial)header] POST https://cloudresourcemanager.googleapis.com/v1/projects/chatter-app-f65ae:testIamPermissions x-goog-quota-user=projects/chatter-app-f65ae
[debug] [2024-07-07T12:59:46.767Z] >>> [apiv2][body] POST https://cloudresourcemanager.googleapis.com/v1/projects/chatter-app-f65ae:testIamPermissions {"permissions":["cloudfunctions.functions.create","cloudfunctions.functions.delete","cloudfunctions.functions.get","cloudfunctions.functions.list","cloudfunctions.functions.update","cloudfunctions.operations.get","firebase.projects.get"]}
[debug] [2024-07-07T12:59:46.896Z] <<< [apiv2][status] GET https://firebase-public.firebaseio.com/cli.json 200
[debug] [2024-07-07T12:59:46.896Z] <<< [apiv2][body] GET https://firebase-public.firebaseio.com/cli.json {"cloudBuildErrorAfter":1594252800000,"cloudBuildWarnAfter":1590019200000,"defaultNode10After":1594252800000,"minVersion":"3.0.5","node8DeploysDisabledAfter":1613390400000,"node8RuntimeDisabledAfter":1615809600000,"node8WarnAfter":1600128000000}
[debug] [2024-07-07T12:59:47.985Z] <<< [apiv2][status] POST https://cloudresourcemanager.googleapis.com/v1/projects/chatter-app-f65ae:testIamPermissions 200
[debug] [2024-07-07T12:59:47.985Z] <<< [apiv2][body] POST https://cloudresourcemanager.googleapis.com/v1/projects/chatter-app-f65ae:testIamPermissions {"permissions":["cloudfunctions.functions.create","cloudfunctions.functions.delete","cloudfunctions.functions.get","cloudfunctions.functions.list","cloudfunctions.functions.update","cloudfunctions.operations.get","firebase.projects.get"]}
[debug] [2024-07-07T12:59:47.986Z] >>> [apiv2][query] POST https://iam.googleapis.com/v1/projects/chatter-app-f65ae/serviceAccounts/chatter-app-f65ae@appspot.gserviceaccount.com:testIamPermissions [none]
[debug] [2024-07-07T12:59:47.986Z] >>> [apiv2][body] POST https://iam.googleapis.com/v1/projects/chatter-app-f65ae/serviceAccounts/chatter-app-f65ae@appspot.gserviceaccount.com:testIamPermissions {"permissions":["iam.serviceAccounts.actAs"]}
[debug] [2024-07-07T12:59:49.160Z] <<< [apiv2][status] POST https://iam.googleapis.com/v1/projects/chatter-app-f65ae/serviceAccounts/chatter-app-f65ae@appspot.gserviceaccount.com:testIamPermissions 200
[debug] [2024-07-07T12:59:49.160Z] <<< [apiv2][body] POST https://iam.googleapis.com/v1/projects/chatter-app-f65ae/serviceAccounts/chatter-app-f65ae@appspot.gserviceaccount.com:testIamPermissions {"permissions":["iam.serviceAccounts.actAs"]}
[info] 
[info] === Deploying to 'chatter-app-f65ae'...
[info] 
[info] i  deploying functions 
[info] Running command: npm --prefix "$RESOURCE_DIR" run lint
[info] ✔  functions: Finished running predeploy script. 
[debug] [2024-07-07T12:59:50.900Z] >>> [apiv2][query] GET https://firebase.googleapis.com/v1beta1/projects/chatter-app-f65ae [none]
[debug] [2024-07-07T12:59:51.642Z] <<< [apiv2][status] GET https://firebase.googleapis.com/v1beta1/projects/chatter-app-f65ae 200
[debug] [2024-07-07T12:59:51.643Z] <<< [apiv2][body] GET https://firebase.googleapis.com/v1beta1/projects/chatter-app-f65ae {"projectId":"chatter-app-f65ae","projectNumber":"198866169869","displayName":"Chatter-app","name":"projects/chatter-app-f65ae","resources":{"hostingSite":"chatter-app-f65ae","realtimeDatabaseInstance":"chatter-app-f65ae-default-rtdb","storageBucket":"chatter-app-f65ae.appspot.com","locationId":"us-central"},"state":"ACTIVE","etag":"1_786b9fe4-5f26-405e-affd-3249d4575fed"}
[info] i  functions: preparing codebase default for deployment 
[info] i  functions: ensuring required API cloudfunctions.googleapis.com is enabled... 
[info] i  functions: ensuring required API cloudbuild.googleapis.com is enabled... 
[info] i  artifactregistry: ensuring required API artifactregistry.googleapis.com is enabled... 
[debug] [2024-07-07T12:59:51.646Z] >>> [apiv2][query] GET https://serviceusage.googleapis.com/v1/projects/chatter-app-f65ae/services/cloudfunctions.googleapis.com [none]
[debug] [2024-07-07T12:59:51.647Z] >>> [apiv2][(partial)header] GET https://serviceusage.googleapis.com/v1/projects/chatter-app-f65ae/services/cloudfunctions.googleapis.com x-goog-quota-user=projects/chatter-app-f65ae
[debug] [2024-07-07T12:59:51.649Z] >>> [apiv2][query] GET https://serviceusage.googleapis.com/v1/projects/chatter-app-f65ae/services/runtimeconfig.googleapis.com [none]
[debug] [2024-07-07T12:59:51.649Z] >>> [apiv2][(partial)header] GET https://serviceusage.googleapis.com/v1/projects/chatter-app-f65ae/services/runtimeconfig.googleapis.com x-goog-quota-user=projects/chatter-app-f65ae
[debug] [2024-07-07T12:59:51.651Z] >>> [apiv2][query] GET https://serviceusage.googleapis.com/v1/projects/chatter-app-f65ae/services/cloudbuild.googleapis.com [none]
[debug] [2024-07-07T12:59:51.651Z] >>> [apiv2][(partial)header] GET https://serviceusage.googleapis.com/v1/projects/chatter-app-f65ae/services/cloudbuild.googleapis.com x-goog-quota-user=projects/chatter-app-f65ae
[debug] [2024-07-07T12:59:51.653Z] >>> [apiv2][query] GET https://serviceusage.googleapis.com/v1/projects/chatter-app-f65ae/services/artifactregistry.googleapis.com [none]
[debug] [2024-07-07T12:59:51.653Z] >>> [apiv2][(partial)header] GET https://serviceusage.googleapis.com/v1/projects/chatter-app-f65ae/services/artifactregistry.googleapis.com x-goog-quota-user=projects/chatter-app-f65ae
[debug] [2024-07-07T12:59:53.037Z] <<< [apiv2][status] GET https://serviceusage.googleapis.com/v1/projects/chatter-app-f65ae/services/cloudbuild.googleapis.com 200
[debug] [2024-07-07T12:59:53.037Z] <<< [apiv2][body] GET https://serviceusage.googleapis.com/v1/projects/chatter-app-f65ae/services/cloudbuild.googleapis.com [omitted]
[info] ✔  functions: required API cloudbuild.googleapis.com is enabled 
[debug] [2024-07-07T12:59:53.057Z] <<< [apiv2][status] GET https://serviceusage.googleapis.com/v1/projects/chatter-app-f65ae/services/cloudfunctions.googleapis.com 200
[debug] [2024-07-07T12:59:53.057Z] <<< [apiv2][body] GET https://serviceusage.googleapis.com/v1/projects/chatter-app-f65ae/services/cloudfunctions.googleapis.com [omitted]
[info] ✔  functions: required API cloudfunctions.googleapis.com is enabled 
[debug] [2024-07-07T12:59:53.058Z] <<< [apiv2][status] GET https://serviceusage.googleapis.com/v1/projects/chatter-app-f65ae/services/artifactregistry.googleapis.com 200
[debug] [2024-07-07T12:59:53.058Z] <<< [apiv2][body] GET https://serviceusage.googleapis.com/v1/projects/chatter-app-f65ae/services/artifactregistry.googleapis.com [omitted]
[info] ✔  artifactregistry: required API artifactregistry.googleapis.com is enabled 
[debug] [2024-07-07T12:59:53.060Z] <<< [apiv2][status] GET https://serviceusage.googleapis.com/v1/projects/chatter-app-f65ae/services/runtimeconfig.googleapis.com 200
[debug] [2024-07-07T12:59:53.061Z] <<< [apiv2][body] GET https://serviceusage.googleapis.com/v1/projects/chatter-app-f65ae/services/runtimeconfig.googleapis.com [omitted]
[debug] [2024-07-07T12:59:53.061Z] >>> [apiv2][query] GET https://firebase.googleapis.com/v1beta1/projects/chatter-app-f65ae/adminSdkConfig [none]
[debug] [2024-07-07T12:59:53.747Z] <<< [apiv2][status] GET https://firebase.googleapis.com/v1beta1/projects/chatter-app-f65ae/adminSdkConfig 200
[debug] [2024-07-07T12:59:53.747Z] <<< [apiv2][body] GET https://firebase.googleapis.com/v1beta1/projects/chatter-app-f65ae/adminSdkConfig {"projectId":"chatter-app-f65ae","databaseURL":"https://chatter-app-f65ae-default-rtdb.firebaseio.com","storageBucket":"chatter-app-f65ae.appspot.com","locationId":"us-central"}
[debug] [2024-07-07T12:59:53.747Z] >>> [apiv2][query] GET https://runtimeconfig.googleapis.com/v1beta1/projects/chatter-app-f65ae/configs [none]
[debug] [2024-07-07T12:59:54.410Z] <<< [apiv2][status] GET https://runtimeconfig.googleapis.com/v1beta1/projects/chatter-app-f65ae/configs 200
[debug] [2024-07-07T12:59:54.411Z] <<< [apiv2][body] GET https://runtimeconfig.googleapis.com/v1beta1/projects/chatter-app-f65ae/configs {}
[debug] [2024-07-07T12:59:54.413Z] Validating nodejs source
[warn] ⚠  functions: package.json indicates an outdated version of firebase-functions. Please upgrade using npm install --save firebase-functions@latest in your functions directory. 
[warn] ⚠  functions: Please note that there will be breaking changes when you upgrade. 
[debug] [2024-07-07T12:59:55.309Z] > [functions] package.json contents: {
  "name": "functions",
  "description": "Cloud Functions for Firebase",
  "scripts": {
    "lint": "eslint .",
    "serve": "firebase emulators:start --only functions",
    "shell": "firebase functions:shell",
    "start": "npm run shell",
    "deploy": "firebase deploy --only functions",
    "logs": "firebase functions:log"
  },
  "engines": {
    "node": "18"
  },
  "main": "index.js",
  "dependencies": {
    "firebase-admin": "^11.8.0",
    "firebase-functions": "^4.3.1"
  },
  "devDependencies": {
    "eslint": "^8.15.0",
    "eslint-config-google": "^0.14.0",
    "firebase-functions-test": "^3.1.0"
  },
  "private": true
}
[debug] [2024-07-07T12:59:55.309Z] Building nodejs source
[info] i  functions: Loading and analyzing source code for codebase default to determine what to deploy 
[debug] [2024-07-07T12:59:55.310Z] Could not find functions.yaml. Must use http discovery
[debug] [2024-07-07T12:59:55.318Z] Found firebase-functions binary at '/Users/lilian/Desktop/Projects/Chatter-Server/functions/node_modules/.bin/firebase-functions'
[info] Serving at port 8492

[debug] [2024-07-07T12:59:55.996Z] Got response from /__/functions.yaml {"endpoints":{"sendWelcomeEmail":{"platform":"gcfv1","availableMemoryMb":null,"timeoutSeconds":null,"minInstances":null,"maxInstances":null,"ingressSettings":null,"serviceAccountEmail":null,"vpc":null,"eventTrigger":{"eventType":"providers/firebase.auth/eventTypes/user.create","eventFilters":{"resource":"projects/chatter-app-f65ae"},"retry":false},"labels":{},"entryPoint":"sendWelcomeEmail"}},"specVersion":"v1alpha1","requiredAPIs":[]}
[info] i  functions: preparing functions directory for uploading... 
[info] i  functions: packaged /Users/lilian/Desktop/Projects/Chatter-Server/functions (75.08 KB) for uploading 
[debug] [2024-07-07T13:00:01.050Z] >>> [apiv2][query] GET https://cloudfunctions.googleapis.com/v1/projects/chatter-app-f65ae/locations/-/functions [none]
[debug] [2024-07-07T13:00:02.077Z] <<< [apiv2][status] GET https://cloudfunctions.googleapis.com/v1/projects/chatter-app-f65ae/locations/-/functions 200
[debug] [2024-07-07T13:00:02.077Z] <<< [apiv2][body] GET https://cloudfunctions.googleapis.com/v1/projects/chatter-app-f65ae/locations/-/functions {}
[debug] [2024-07-07T13:00:02.079Z] >>> [apiv2][query] GET https://cloudfunctions.googleapis.com/v2/projects/chatter-app-f65ae/locations/-/functions filter=environment%3D%22GEN_2%22
[debug] [2024-07-07T13:00:03.286Z] <<< [apiv2][status] GET https://cloudfunctions.googleapis.com/v2/projects/chatter-app-f65ae/locations/-/functions 200
[debug] [2024-07-07T13:00:03.287Z] <<< [apiv2][body] GET https://cloudfunctions.googleapis.com/v2/projects/chatter-app-f65ae/locations/-/functions {}
[debug] [2024-07-07T13:00:03.292Z] >>> [apiv2][query] GET https://firebase.googleapis.com/v1beta1/projects/chatter-app-f65ae [none]
[debug] [2024-07-07T13:00:03.948Z] <<< [apiv2][status] GET https://firebase.googleapis.com/v1beta1/projects/chatter-app-f65ae 200
[debug] [2024-07-07T13:00:03.949Z] <<< [apiv2][body] GET https://firebase.googleapis.com/v1beta1/projects/chatter-app-f65ae {"projectId":"chatter-app-f65ae","projectNumber":"198866169869","displayName":"Chatter-app","name":"projects/chatter-app-f65ae","resources":{"hostingSite":"chatter-app-f65ae","realtimeDatabaseInstance":"chatter-app-f65ae-default-rtdb","storageBucket":"chatter-app-f65ae.appspot.com","locationId":"us-central"},"state":"ACTIVE","etag":"1_786b9fe4-5f26-405e-affd-3249d4575fed"}
[debug] [2024-07-07T13:00:03.952Z] >>> [apiv2][query] POST https://cloudfunctions.googleapis.com/v1/projects/chatter-app-f65ae/locations/us-central1/functions:generateUploadUrl [none]
[debug] [2024-07-07T13:00:03.952Z] >>> [apiv2][body] POST https://cloudfunctions.googleapis.com/v1/projects/chatter-app-f65ae/locations/us-central1/functions:generateUploadUrl {}
[debug] [2024-07-07T13:00:20.277Z] <<< [apiv2][status] POST https://cloudfunctions.googleapis.com/v1/projects/chatter-app-f65ae/locations/us-central1/functions:generateUploadUrl 200
[debug] [2024-07-07T13:00:20.277Z] <<< [apiv2][body] POST https://cloudfunctions.googleapis.com/v1/projects/chatter-app-f65ae/locations/us-central1/functions:generateUploadUrl {"uploadUrl":"https://storage.googleapis.com/uploads-148345344135.us-central1.cloudfunctions.appspot.com/c2476be2-8b15-46ea-9ecf-34b835da40c7.zip?GoogleAccessId=service-198866169869@gcf-admin-robot.iam.gserviceaccount.com&Expires=1720359020&Signature=if%2BRhxfSkVcTO1mnUh3pPqjdPugzX0cGdl52pXPWBtjrEEQAKEPbL7pWfXaztU1eW4Qv74x1ENDBA9hSu0vU%2FYFt1irymkgEclOuQ76pgiZ9uXx8S%2Fh4jRO%2F7R%2BKPamKvVHZ2twv4RWQG2VUNOeOn%2BjeMznaQ4PrRvk3lh3Rv0xlkt%2FlOWWT2bvSGitUoU7QaDONg4y2URY6uNm7RIWPHR4efEfx4at%2BX%2BQttK74T%2F5s08EuC53JKkAkhv5lir0GgUa3plSJ%2BY5FLf%2BEp8sVbp72LSyBYTLX2owNg2VqEkcjwINMTIsNTiysdQ%2F3LqjxoWcu97HrbHtZWKg9hTq36Q%3D%3D"}
[debug] [2024-07-07T13:00:20.279Z] >>> [apiv2][query] PUT https://storage.googleapis.com/uploads-148345344135.us-central1.cloudfunctions.appspot.com/c2476be2-8b15-46ea-9ecf-34b835da40c7.zip GoogleAccessId=service-198866169869%40gcf-admin-robot.iam.gserviceaccount.com&Expires=1720359020&Signature=if%2BRhxfSkVcTO1mnUh3pPqjdPugzX0cGdl52pXPWBtjrEEQAKEPbL7pWfXaztU1eW4Qv74x1ENDBA9hSu0vU%2FYFt1irymkgEclOuQ76pgiZ9uXx8S%2Fh4jRO%2F7R%2BKPamKvVHZ2twv4RWQG2VUNOeOn%2BjeMznaQ4PrRvk3lh3Rv0xlkt%2FlOWWT2bvSGitUoU7QaDONg4y2URY6uNm7RIWPHR4efEfx4at%2BX%2BQttK74T%2F5s08EuC53JKkAkhv5lir0GgUa3plSJ%2BY5FLf%2BEp8sVbp72LSyBYTLX2owNg2VqEkcjwINMTIsNTiysdQ%2F3LqjxoWcu97HrbHtZWKg9hTq36Q%3D%3D
[debug] [2024-07-07T13:00:20.279Z] >>> [apiv2][body] PUT https://storage.googleapis.com/uploads-148345344135.us-central1.cloudfunctions.appspot.com/c2476be2-8b15-46ea-9ecf-34b835da40c7.zip [stream]
[debug] [2024-07-07T13:00:22.116Z] <<< [apiv2][status] PUT https://storage.googleapis.com/uploads-148345344135.us-central1.cloudfunctions.appspot.com/c2476be2-8b15-46ea-9ecf-34b835da40c7.zip 200
[debug] [2024-07-07T13:00:22.117Z] <<< [apiv2][body] PUT https://storage.googleapis.com/uploads-148345344135.us-central1.cloudfunctions.appspot.com/c2476be2-8b15-46ea-9ecf-34b835da40c7.zip [omitted]
[info] ✔  functions: functions folder uploaded successfully 
[info] i  functions: creating Node.js 18 (1st Gen) function sendWelcomeEmail(us-central1)... 
[debug] [2024-07-07T13:00:22.128Z] >>> [apiv2][query] POST https://cloudfunctions.googleapis.com/v1/projects/chatter-app-f65ae/locations/us-central1/functions [none]
[debug] [2024-07-07T13:00:22.129Z] >>> [apiv2][body] POST https://cloudfunctions.googleapis.com/v1/projects/chatter-app-f65ae/locations/us-central1/functions {"name":"projects/chatter-app-f65ae/locations/us-central1/functions/sendWelcomeEmail","sourceUploadUrl":"https://storage.googleapis.com/uploads-148345344135.us-central1.cloudfunctions.appspot.com/c2476be2-8b15-46ea-9ecf-34b835da40c7.zip?GoogleAccessId=service-198866169869@gcf-admin-robot.iam.gserviceaccount.com&Expires=1720359020&Signature=if%2BRhxfSkVcTO1mnUh3pPqjdPugzX0cGdl52pXPWBtjrEEQAKEPbL7pWfXaztU1eW4Qv74x1ENDBA9hSu0vU%2FYFt1irymkgEclOuQ76pgiZ9uXx8S%2Fh4jRO%2F7R%2BKPamKvVHZ2twv4RWQG2VUNOeOn%2BjeMznaQ4PrRvk3lh3Rv0xlkt%2FlOWWT2bvSGitUoU7QaDONg4y2URY6uNm7RIWPHR4efEfx4at%2BX%2BQttK74T%2F5s08EuC53JKkAkhv5lir0GgUa3plSJ%2BY5FLf%2BEp8sVbp72LSyBYTLX2owNg2VqEkcjwINMTIsNTiysdQ%2F3LqjxoWcu97HrbHtZWKg9hTq36Q%3D%3D","entryPoint":"sendWelcomeEmail","runtime":"nodejs18","dockerRegistry":"ARTIFACT_REGISTRY","labels":{"deployment-tool":"cli-firebase","firebase-functions-hash":"5fc9295987e6d6d8fac102a3764c604ad8375dbd"},"eventTrigger":{"eventType":"providers/firebase.auth/eventTypes/user.create","resource":"projects/chatter-app-f65ae"},"minInstances":null,"maxInstances":null,"ingressSettings":null,"environmentVariables":{"FIREBASE_CONFIG":"{\"projectId\":\"chatter-app-f65ae\",\"databaseURL\":\"https://chatter-app-f65ae-default-rtdb.firebaseio.com\",\"storageBucket\":\"chatter-app-f65ae.appspot.com\",\"locationId\":\"us-central\"}","GCLOUD_PROJECT":"chatter-app-f65ae","EVENTARC_CLOUD_EVENT_SOURCE":"projects/chatter-app-f65ae/locations/us-central1/functions/sendWelcomeEmail"},"serviceAccountEmail":null,"availableMemoryMb":null,"timeout":null,"vpcConnector":null,"vpcConnectorEgressSettings":null,"buildEnvironmentVariables":{"GOOGLE_NODE_RUN_SCRIPTS":""}}
[debug] [2024-07-07T13:00:22.903Z] <<< [apiv2][status] POST https://cloudfunctions.googleapis.com/v1/projects/chatter-app-f65ae/locations/us-central1/functions 200
[debug] [2024-07-07T13:00:22.903Z] <<< [apiv2][body] POST https://cloudfunctions.googleapis.com/v1/projects/chatter-app-f65ae/locations/us-central1/functions {"name":"operations/Y2hhdHRlci1hcHAtZjY1YWUvdXMtY2VudHJhbDEvc2VuZFdlbGNvbWVFbWFpbC9KN0twNERFSFlqYw","metadata":{"@type":"type.googleapis.com/google.cloud.functions.v1.OperationMetadataV1","target":"projects/chatter-app-f65ae/locations/us-central1/functions/sendWelcomeEmail","type":"CREATE_FUNCTION","request":{"@type":"type.googleapis.com/google.cloud.functions.v1.CloudFunction","name":"projects/chatter-app-f65ae/locations/us-central1/functions/sendWelcomeEmail","eventTrigger":{"eventType":"providers/firebase.auth/eventTypes/user.create","resource":"projects/chatter-app-f65ae"},"entryPoint":"sendWelcomeEmail","labels":{"deployment-tool":"cli-firebase","firebase-functions-hash":"5fc9295987e6d6d8fac102a3764c604ad8375dbd"},"sourceUploadUrl":"https://storage.googleapis.com/uploads-148345344135.us-central1.cloudfunctions.appspot.com/c2476be2-8b15-46ea-9ecf-34b835da40c7.zip?GoogleAccessId=service-198866169869@gcf-admin-robot.iam.gserviceaccount.com&Expires=1720359020&Signature=if%2BRhxfSkVcTO1mnUh3pPqjdPugzX0cGdl52pXPWBtjrEEQAKEPbL7pWfXaztU1eW4Qv74x1ENDBA9hSu0vU%2FYFt1irymkgEclOuQ76pgiZ9uXx8S%2Fh4jRO%2F7R%2BKPamKvVHZ2twv4RWQG2VUNOeOn%2BjeMznaQ4PrRvk3lh3Rv0xlkt%2FlOWWT2bvSGitUoU7QaDONg4y2URY6uNm7RIWPHR4efEfx4at%2BX%2BQttK74T%2F5s08EuC53JKkAkhv5lir0GgUa3plSJ%2BY5FLf%2BEp8sVbp72LSyBYTLX2owNg2VqEkcjwINMTIsNTiysdQ%2F3LqjxoWcu97HrbHtZWKg9hTq36Q%3D%3D","environmentVariables":{"FIREBASE_CONFIG":"{\"projectId\":\"chatter-app-f65ae\",\"databaseURL\":\"https://chatter-app-f65ae-default-rtdb.firebaseio.com\",\"storageBucket\":\"chatter-app-f65ae.appspot.com\",\"locationId\":\"us-central\"}","GCLOUD_PROJECT":"chatter-app-f65ae","EVENTARC_CLOUD_EVENT_SOURCE":"projects/chatter-app-f65ae/locations/us-central1/functions/sendWelcomeEmail"},"runtime":"nodejs18","buildEnvironmentVariables":{"GOOGLE_NODE_RUN_SCRIPTS":""},"dockerRegistry":"ARTIFACT_REGISTRY"},"versionId":"1","updateTime":"2024-07-07T13:00:22Z"}}
[debug] [2024-07-07T13:00:22.905Z] >>> [apiv2][query] GET https://cloudfunctions.googleapis.com/v1/operations/Y2hhdHRlci1hcHAtZjY1YWUvdXMtY2VudHJhbDEvc2VuZFdlbGNvbWVFbWFpbC9KN0twNERFSFlqYw [none]
[debug] [2024-07-07T13:00:23.228Z] <<< [apiv2][status] GET https://cloudfunctions.googleapis.com/v1/operations/Y2hhdHRlci1hcHAtZjY1YWUvdXMtY2VudHJhbDEvc2VuZFdlbGNvbWVFbWFpbC9KN0twNERFSFlqYw 200
[debug] [2024-07-07T13:00:23.228Z] <<< [apiv2][body] GET https://cloudfunctions.googleapis.com/v1/operations/Y2hhdHRlci1hcHAtZjY1YWUvdXMtY2VudHJhbDEvc2VuZFdlbGNvbWVFbWFpbC9KN0twNERFSFlqYw {"name":"operations/Y2hhdHRlci1hcHAtZjY1YWUvdXMtY2VudHJhbDEvc2VuZFdlbGNvbWVFbWFpbC9KN0twNERFSFlqYw","metadata":{"@type":"type.googleapis.com/google.cloud.functions.v1.OperationMetadataV1","target":"projects/chatter-app-f65ae/locations/us-central1/functions/sendWelcomeEmail","type":"CREATE_FUNCTION","request":{"@type":"type.googleapis.com/google.cloud.functions.v1.CloudFunction","name":"projects/chatter-app-f65ae/locations/us-central1/functions/sendWelcomeEmail","eventTrigger":{"eventType":"providers/firebase.auth/eventTypes/user.create","resource":"projects/chatter-app-f65ae"},"entryPoint":"sendWelcomeEmail","labels":{"deployment-tool":"cli-firebase","firebase-functions-hash":"5fc9295987e6d6d8fac102a3764c604ad8375dbd"},"sourceUploadUrl":"https://storage.googleapis.com/uploads-148345344135.us-central1.cloudfunctions.appspot.com/c2476be2-8b15-46ea-9ecf-34b835da40c7.zip?GoogleAccessId=service-198866169869@gcf-admin-robot.iam.gserviceaccount.com&Expires=1720359020&Signature=if%2BRhxfSkVcTO1mnUh3pPqjdPugzX0cGdl52pXPWBtjrEEQAKEPbL7pWfXaztU1eW4Qv74x1ENDBA9hSu0vU%2FYFt1irymkgEclOuQ76pgiZ9uXx8S%2Fh4jRO%2F7R%2BKPamKvVHZ2twv4RWQG2VUNOeOn%2BjeMznaQ4PrRvk3lh3Rv0xlkt%2FlOWWT2bvSGitUoU7QaDONg4y2URY6uNm7RIWPHR4efEfx4at%2BX%2BQttK74T%2F5s08EuC53JKkAkhv5lir0GgUa3plSJ%2BY5FLf%2BEp8sVbp72LSyBYTLX2owNg2VqEkcjwINMTIsNTiysdQ%2F3LqjxoWcu97HrbHtZWKg9hTq36Q%3D%3D","environmentVariables":{"FIREBASE_CONFIG":"{\"projectId\":\"chatter-app-f65ae\",\"databaseURL\":\"https://chatter-app-f65ae-default-rtdb.firebaseio.com\",\"storageBucket\":\"chatter-app-f65ae.appspot.com\",\"locationId\":\"us-central\"}","GCLOUD_PROJECT":"chatter-app-f65ae","EVENTARC_CLOUD_EVENT_SOURCE":"projects/chatter-app-f65ae/locations/us-central1/functions/sendWelcomeEmail"},"runtime":"nodejs18","buildEnvironmentVariables":{"GOOGLE_NODE_RUN_SCRIPTS":""},"dockerRegistry":"ARTIFACT_REGISTRY"},"versionId":"1","updateTime":"2024-07-07T13:00:23Z"}}
[debug] [2024-07-07T13:00:23.730Z] [create-default-us-central1-sendWelcomeEmail] Retrying task index 0
[debug] [2024-07-07T13:00:23.731Z] >>> [apiv2][query] GET https://cloudfunctions.googleapis.com/v1/operations/Y2hhdHRlci1hcHAtZjY1YWUvdXMtY2VudHJhbDEvc2VuZFdlbGNvbWVFbWFpbC9KN0twNERFSFlqYw [none]
[debug] [2024-07-07T13:00:24.107Z] <<< [apiv2][status] GET https://cloudfunctions.googleapis.com/v1/operations/Y2hhdHRlci1hcHAtZjY1YWUvdXMtY2VudHJhbDEvc2VuZFdlbGNvbWVFbWFpbC9KN0twNERFSFlqYw 200
[debug] [2024-07-07T13:00:24.107Z] <<< [apiv2][body] GET https://cloudfunctions.googleapis.com/v1/operations/Y2hhdHRlci1hcHAtZjY1YWUvdXMtY2VudHJhbDEvc2VuZFdlbGNvbWVFbWFpbC9KN0twNERFSFlqYw {"name":"operations/Y2hhdHRlci1hcHAtZjY1YWUvdXMtY2VudHJhbDEvc2VuZFdlbGNvbWVFbWFpbC9KN0twNERFSFlqYw","metadata":{"@type":"type.googleapis.com/google.cloud.functions.v1.OperationMetadataV1","target":"projects/chatter-app-f65ae/locations/us-central1/functions/sendWelcomeEmail","type":"CREATE_FUNCTION","request":{"@type":"type.googleapis.com/google.cloud.functions.v1.CloudFunction","name":"projects/chatter-app-f65ae/locations/us-central1/functions/sendWelcomeEmail","eventTrigger":{"eventType":"providers/firebase.auth/eventTypes/user.create","resource":"projects/chatter-app-f65ae"},"entryPoint":"sendWelcomeEmail","labels":{"deployment-tool":"cli-firebase","firebase-functions-hash":"5fc9295987e6d6d8fac102a3764c604ad8375dbd"},"sourceUploadUrl":"https://storage.googleapis.com/uploads-148345344135.us-central1.cloudfunctions.appspot.com/c2476be2-8b15-46ea-9ecf-34b835da40c7.zip?GoogleAccessId=service-198866169869@gcf-admin-robot.iam.gserviceaccount.com&Expires=1720359020&Signature=if%2BRhxfSkVcTO1mnUh3pPqjdPugzX0cGdl52pXPWBtjrEEQAKEPbL7pWfXaztU1eW4Qv74x1ENDBA9hSu0vU%2FYFt1irymkgEclOuQ76pgiZ9uXx8S%2Fh4jRO%2F7R%2BKPamKvVHZ2twv4RWQG2VUNOeOn%2BjeMznaQ4PrRvk3lh3Rv0xlkt%2FlOWWT2bvSGitUoU7QaDONg4y2URY6uNm7RIWPHR4efEfx4at%2BX%2BQttK74T%2F5s08EuC53JKkAkhv5lir0GgUa3plSJ%2BY5FLf%2BEp8sVbp72LSyBYTLX2owNg2VqEkcjwINMTIsNTiysdQ%2F3LqjxoWcu97HrbHtZWKg9hTq36Q%3D%3D","environmentVariables":{"FIREBASE_CONFIG":"{\"projectId\":\"chatter-app-f65ae\",\"databaseURL\":\"https://chatter-app-f65ae-default-rtdb.firebaseio.com\",\"storageBucket\":\"chatter-app-f65ae.appspot.com\",\"locationId\":\"us-central\"}","GCLOUD_PROJECT":"chatter-app-f65ae","EVENTARC_CLOUD_EVENT_SOURCE":"projects/chatter-app-f65ae/locations/us-central1/functions/sendWelcomeEmail"},"runtime":"nodejs18","buildEnvironmentVariables":{"GOOGLE_NODE_RUN_SCRIPTS":""},"dockerRegistry":"ARTIFACT_REGISTRY"},"versionId":"1","updateTime":"2024-07-07T13:00:23Z"}}
[debug] [2024-07-07T13:00:25.109Z] [create-default-us-central1-sendWelcomeEmail] Retrying task index 0
[debug] [2024-07-07T13:00:25.111Z] >>> [apiv2][query] GET https://cloudfunctions.googleapis.com/v1/operations/Y2hhdHRlci1hcHAtZjY1YWUvdXMtY2VudHJhbDEvc2VuZFdlbGNvbWVFbWFpbC9KN0twNERFSFlqYw [none]
[debug] [2024-07-07T13:00:25.438Z] <<< [apiv2][status] GET https://cloudfunctions.googleapis.com/v1/operations/Y2hhdHRlci1hcHAtZjY1YWUvdXMtY2VudHJhbDEvc2VuZFdlbGNvbWVFbWFpbC9KN0twNERFSFlqYw 200
[debug] [2024-07-07T13:00:25.439Z] <<< [apiv2][body] GET https://cloudfunctions.googleapis.com/v1/operations/Y2hhdHRlci1hcHAtZjY1YWUvdXMtY2VudHJhbDEvc2VuZFdlbGNvbWVFbWFpbC9KN0twNERFSFlqYw {"name":"operations/Y2hhdHRlci1hcHAtZjY1YWUvdXMtY2VudHJhbDEvc2VuZFdlbGNvbWVFbWFpbC9KN0twNERFSFlqYw","metadata":{"@type":"type.googleapis.com/google.cloud.functions.v1.OperationMetadataV1","target":"projects/chatter-app-f65ae/locations/us-central1/functions/sendWelcomeEmail","type":"CREATE_FUNCTION","request":{"@type":"type.googleapis.com/google.cloud.functions.v1.CloudFunction","name":"projects/chatter-app-f65ae/locations/us-central1/functions/sendWelcomeEmail","eventTrigger":{"eventType":"providers/firebase.auth/eventTypes/user.create","resource":"projects/chatter-app-f65ae"},"entryPoint":"sendWelcomeEmail","labels":{"deployment-tool":"cli-firebase","firebase-functions-hash":"5fc9295987e6d6d8fac102a3764c604ad8375dbd"},"sourceUploadUrl":"https://storage.googleapis.com/uploads-148345344135.us-central1.cloudfunctions.appspot.com/c2476be2-8b15-46ea-9ecf-34b835da40c7.zip?GoogleAccessId=service-198866169869@gcf-admin-robot.iam.gserviceaccount.com&Expires=1720359020&Signature=if%2BRhxfSkVcTO1mnUh3pPqjdPugzX0cGdl52pXPWBtjrEEQAKEPbL7pWfXaztU1eW4Qv74x1ENDBA9hSu0vU%2FYFt1irymkgEclOuQ76pgiZ9uXx8S%2Fh4jRO%2F7R%2BKPamKvVHZ2twv4RWQG2VUNOeOn%2BjeMznaQ4PrRvk3lh3Rv0xlkt%2FlOWWT2bvSGitUoU7QaDONg4y2URY6uNm7RIWPHR4efEfx4at%2BX%2BQttK74T%2F5s08EuC53JKkAkhv5lir0GgUa3plSJ%2BY5FLf%2BEp8sVbp72LSyBYTLX2owNg2VqEkcjwINMTIsNTiysdQ%2F3LqjxoWcu97HrbHtZWKg9hTq36Q%3D%3D","environmentVariables":{"FIREBASE_CONFIG":"{\"projectId\":\"chatter-app-f65ae\",\"databaseURL\":\"https://chatter-app-f65ae-default-rtdb.firebaseio.com\",\"storageBucket\":\"chatter-app-f65ae.appspot.com\",\"locationId\":\"us-central\"}","GCLOUD_PROJECT":"chatter-app-f65ae","EVENTARC_CLOUD_EVENT_SOURCE":"projects/chatter-app-f65ae/locations/us-central1/functions/sendWelcomeEmail"},"runtime":"nodejs18","buildEnvironmentVariables":{"GOOGLE_NODE_RUN_SCRIPTS":""},"dockerRegistry":"ARTIFACT_REGISTRY"},"versionId":"1","updateTime":"2024-07-07T13:00:23Z"}}
[debug] [2024-07-07T13:00:27.440Z] [create-default-us-central1-sendWelcomeEmail] Retrying task index 0
[debug] [2024-07-07T13:00:27.441Z] >>> [apiv2][query] GET https://cloudfunctions.googleapis.com/v1/operations/Y2hhdHRlci1hcHAtZjY1YWUvdXMtY2VudHJhbDEvc2VuZFdlbGNvbWVFbWFpbC9KN0twNERFSFlqYw [none]
[debug] [2024-07-07T13:00:27.868Z] <<< [apiv2][status] GET https://cloudfunctions.googleapis.com/v1/operations/Y2hhdHRlci1hcHAtZjY1YWUvdXMtY2VudHJhbDEvc2VuZFdlbGNvbWVFbWFpbC9KN0twNERFSFlqYw 200
[debug] [2024-07-07T13:00:27.868Z] <<< [apiv2][body] GET https://cloudfunctions.googleapis.com/v1/operations/Y2hhdHRlci1hcHAtZjY1YWUvdXMtY2VudHJhbDEvc2VuZFdlbGNvbWVFbWFpbC9KN0twNERFSFlqYw {"name":"operations/Y2hhdHRlci1hcHAtZjY1YWUvdXMtY2VudHJhbDEvc2VuZFdlbGNvbWVFbWFpbC9KN0twNERFSFlqYw","metadata":{"@type":"type.googleapis.com/google.cloud.functions.v1.OperationMetadataV1","target":"projects/chatter-app-f65ae/locations/us-central1/functions/sendWelcomeEmail","type":"CREATE_FUNCTION","request":{"@type":"type.googleapis.com/google.cloud.functions.v1.CloudFunction","name":"projects/chatter-app-f65ae/locations/us-central1/functions/sendWelcomeEmail","eventTrigger":{"eventType":"providers/firebase.auth/eventTypes/user.create","resource":"projects/chatter-app-f65ae"},"entryPoint":"sendWelcomeEmail","labels":{"deployment-tool":"cli-firebase","firebase-functions-hash":"5fc9295987e6d6d8fac102a3764c604ad8375dbd"},"sourceUploadUrl":"https://storage.googleapis.com/uploads-148345344135.us-central1.cloudfunctions.appspot.com/c2476be2-8b15-46ea-9ecf-34b835da40c7.zip?GoogleAccessId=service-198866169869@gcf-admin-robot.iam.gserviceaccount.com&Expires=1720359020&Signature=if%2BRhxfSkVcTO1mnUh3pPqjdPugzX0cGdl52pXPWBtjrEEQAKEPbL7pWfXaztU1eW4Qv74x1ENDBA9hSu0vU%2FYFt1irymkgEclOuQ76pgiZ9uXx8S%2Fh4jRO%2F7R%2BKPamKvVHZ2twv4RWQG2VUNOeOn%2BjeMznaQ4PrRvk3lh3Rv0xlkt%2FlOWWT2bvSGitUoU7QaDONg4y2URY6uNm7RIWPHR4efEfx4at%2BX%2BQttK74T%2F5s08EuC53JKkAkhv5lir0GgUa3plSJ%2BY5FLf%2BEp8sVbp72LSyBYTLX2owNg2VqEkcjwINMTIsNTiysdQ%2F3LqjxoWcu97HrbHtZWKg9hTq36Q%3D%3D","environmentVariables":{"FIREBASE_CONFIG":"{\"projectId\":\"chatter-app-f65ae\",\"databaseURL\":\"https://chatter-app-f65ae-default-rtdb.firebaseio.com\",\"storageBucket\":\"chatter-app-f65ae.appspot.com\",\"locationId\":\"us-central\"}","GCLOUD_PROJECT":"chatter-app-f65ae","EVENTARC_CLOUD_EVENT_SOURCE":"projects/chatter-app-f65ae/locations/us-central1/functions/sendWelcomeEmail"},"runtime":"nodejs18","buildEnvironmentVariables":{"GOOGLE_NODE_RUN_SCRIPTS":""},"dockerRegistry":"ARTIFACT_REGISTRY"},"versionId":"1","updateTime":"2024-07-07T13:00:23Z"}}
[debug] [2024-07-07T13:00:31.869Z] [create-default-us-central1-sendWelcomeEmail] Retrying task index 0
[debug] [2024-07-07T13:00:31.870Z] >>> [apiv2][query] GET https://cloudfunctions.googleapis.com/v1/operations/Y2hhdHRlci1hcHAtZjY1YWUvdXMtY2VudHJhbDEvc2VuZFdlbGNvbWVFbWFpbC9KN0twNERFSFlqYw [none]
[debug] [2024-07-07T13:00:32.207Z] <<< [apiv2][status] GET https://cloudfunctions.googleapis.com/v1/operations/Y2hhdHRlci1hcHAtZjY1YWUvdXMtY2VudHJhbDEvc2VuZFdlbGNvbWVFbWFpbC9KN0twNERFSFlqYw 200
[debug] [2024-07-07T13:00:32.207Z] <<< [apiv2][body] GET https://cloudfunctions.googleapis.com/v1/operations/Y2hhdHRlci1hcHAtZjY1YWUvdXMtY2VudHJhbDEvc2VuZFdlbGNvbWVFbWFpbC9KN0twNERFSFlqYw {"name":"operations/Y2hhdHRlci1hcHAtZjY1YWUvdXMtY2VudHJhbDEvc2VuZFdlbGNvbWVFbWFpbC9KN0twNERFSFlqYw","metadata":{"@type":"type.googleapis.com/google.cloud.functions.v1.OperationMetadataV1","target":"projects/chatter-app-f65ae/locations/us-central1/functions/sendWelcomeEmail","type":"CREATE_FUNCTION","request":{"@type":"type.googleapis.com/google.cloud.functions.v1.CloudFunction","name":"projects/chatter-app-f65ae/locations/us-central1/functions/sendWelcomeEmail","eventTrigger":{"eventType":"providers/firebase.auth/eventTypes/user.create","resource":"projects/chatter-app-f65ae"},"entryPoint":"sendWelcomeEmail","labels":{"deployment-tool":"cli-firebase","firebase-functions-hash":"5fc9295987e6d6d8fac102a3764c604ad8375dbd"},"sourceUploadUrl":"https://storage.googleapis.com/uploads-148345344135.us-central1.cloudfunctions.appspot.com/c2476be2-8b15-46ea-9ecf-34b835da40c7.zip?GoogleAccessId=service-198866169869@gcf-admin-robot.iam.gserviceaccount.com&Expires=1720359020&Signature=if%2BRhxfSkVcTO1mnUh3pPqjdPugzX0cGdl52pXPWBtjrEEQAKEPbL7pWfXaztU1eW4Qv74x1ENDBA9hSu0vU%2FYFt1irymkgEclOuQ76pgiZ9uXx8S%2Fh4jRO%2F7R%2BKPamKvVHZ2twv4RWQG2VUNOeOn%2BjeMznaQ4PrRvk3lh3Rv0xlkt%2FlOWWT2bvSGitUoU7QaDONg4y2URY6uNm7RIWPHR4efEfx4at%2BX%2BQttK74T%2F5s08EuC53JKkAkhv5lir0GgUa3plSJ%2BY5FLf%2BEp8sVbp72LSyBYTLX2owNg2VqEkcjwINMTIsNTiysdQ%2F3LqjxoWcu97HrbHtZWKg9hTq36Q%3D%3D","environmentVariables":{"FIREBASE_CONFIG":"{\"projectId\":\"chatter-app-f65ae\",\"databaseURL\":\"https://chatter-app-f65ae-default-rtdb.firebaseio.com\",\"storageBucket\":\"chatter-app-f65ae.appspot.com\",\"locationId\":\"us-central\"}","GCLOUD_PROJECT":"chatter-app-f65ae","EVENTARC_CLOUD_EVENT_SOURCE":"projects/chatter-app-f65ae/locations/us-central1/functions/sendWelcomeEmail"},"runtime":"nodejs18","buildEnvironmentVariables":{"GOOGLE_NODE_RUN_SCRIPTS":""},"dockerRegistry":"ARTIFACT_REGISTRY"},"versionId":"1","updateTime":"2024-07-07T13:00:23Z"}}
[debug] [2024-07-07T13:00:40.208Z] [create-default-us-central1-sendWelcomeEmail] Retrying task index 0
[debug] [2024-07-07T13:00:40.209Z] >>> [apiv2][query] GET https://cloudfunctions.googleapis.com/v1/operations/Y2hhdHRlci1hcHAtZjY1YWUvdXMtY2VudHJhbDEvc2VuZFdlbGNvbWVFbWFpbC9KN0twNERFSFlqYw [none]
[debug] [2024-07-07T13:00:40.883Z] <<< [apiv2][status] GET https://cloudfunctions.googleapis.com/v1/operations/Y2hhdHRlci1hcHAtZjY1YWUvdXMtY2VudHJhbDEvc2VuZFdlbGNvbWVFbWFpbC9KN0twNERFSFlqYw 200
[debug] [2024-07-07T13:00:40.884Z] <<< [apiv2][body] GET https://cloudfunctions.googleapis.com/v1/operations/Y2hhdHRlci1hcHAtZjY1YWUvdXMtY2VudHJhbDEvc2VuZFdlbGNvbWVFbWFpbC9KN0twNERFSFlqYw {"name":"operations/Y2hhdHRlci1hcHAtZjY1YWUvdXMtY2VudHJhbDEvc2VuZFdlbGNvbWVFbWFpbC9KN0twNERFSFlqYw","metadata":{"@type":"type.googleapis.com/google.cloud.functions.v1.OperationMetadataV1","target":"projects/chatter-app-f65ae/locations/us-central1/functions/sendWelcomeEmail","type":"CREATE_FUNCTION","request":{"@type":"type.googleapis.com/google.cloud.functions.v1.CloudFunction","name":"projects/chatter-app-f65ae/locations/us-central1/functions/sendWelcomeEmail","eventTrigger":{"eventType":"providers/firebase.auth/eventTypes/user.create","resource":"projects/chatter-app-f65ae"},"entryPoint":"sendWelcomeEmail","labels":{"deployment-tool":"cli-firebase","firebase-functions-hash":"5fc9295987e6d6d8fac102a3764c604ad8375dbd"},"sourceUploadUrl":"https://storage.googleapis.com/uploads-148345344135.us-central1.cloudfunctions.appspot.com/c2476be2-8b15-46ea-9ecf-34b835da40c7.zip?GoogleAccessId=service-198866169869@gcf-admin-robot.iam.gserviceaccount.com&Expires=1720359020&Signature=if%2BRhxfSkVcTO1mnUh3pPqjdPugzX0cGdl52pXPWBtjrEEQAKEPbL7pWfXaztU1eW4Qv74x1ENDBA9hSu0vU%2FYFt1irymkgEclOuQ76pgiZ9uXx8S%2Fh4jRO%2F7R%2BKPamKvVHZ2twv4RWQG2VUNOeOn%2BjeMznaQ4PrRvk3lh3Rv0xlkt%2FlOWWT2bvSGitUoU7QaDONg4y2URY6uNm7RIWPHR4efEfx4at%2BX%2BQttK74T%2F5s08EuC53JKkAkhv5lir0GgUa3plSJ%2BY5FLf%2BEp8sVbp72LSyBYTLX2owNg2VqEkcjwINMTIsNTiysdQ%2F3LqjxoWcu97HrbHtZWKg9hTq36Q%3D%3D","environmentVariables":{"FIREBASE_CONFIG":"{\"projectId\":\"chatter-app-f65ae\",\"databaseURL\":\"https://chatter-app-f65ae-default-rtdb.firebaseio.com\",\"storageBucket\":\"chatter-app-f65ae.appspot.com\",\"locationId\":\"us-central\"}","GCLOUD_PROJECT":"chatter-app-f65ae","EVENTARC_CLOUD_EVENT_SOURCE":"projects/chatter-app-f65ae/locations/us-central1/functions/sendWelcomeEmail"},"runtime":"nodejs18","buildEnvironmentVariables":{"GOOGLE_NODE_RUN_SCRIPTS":""},"dockerRegistry":"ARTIFACT_REGISTRY"},"versionId":"1","updateTime":"2024-07-07T13:00:23Z","buildId":"10476764-0f4b-4ca8-9f4f-ebd801a0d015","buildName":"projects/198866169869/locations/us-central1/builds/10476764-0f4b-4ca8-9f4f-ebd801a0d015"}}
[debug] [2024-07-07T13:00:50.884Z] [create-default-us-central1-sendWelcomeEmail] Retrying task index 0
[debug] [2024-07-07T13:00:50.885Z] >>> [apiv2][query] GET https://cloudfunctions.googleapis.com/v1/operations/Y2hhdHRlci1hcHAtZjY1YWUvdXMtY2VudHJhbDEvc2VuZFdlbGNvbWVFbWFpbC9KN0twNERFSFlqYw [none]
[debug] [2024-07-07T13:00:51.549Z] <<< [apiv2][status] GET https://cloudfunctions.googleapis.com/v1/operations/Y2hhdHRlci1hcHAtZjY1YWUvdXMtY2VudHJhbDEvc2VuZFdlbGNvbWVFbWFpbC9KN0twNERFSFlqYw 200
[debug] [2024-07-07T13:00:51.549Z] <<< [apiv2][body] GET https://cloudfunctions.googleapis.com/v1/operations/Y2hhdHRlci1hcHAtZjY1YWUvdXMtY2VudHJhbDEvc2VuZFdlbGNvbWVFbWFpbC9KN0twNERFSFlqYw {"name":"operations/Y2hhdHRlci1hcHAtZjY1YWUvdXMtY2VudHJhbDEvc2VuZFdlbGNvbWVFbWFpbC9KN0twNERFSFlqYw","metadata":{"@type":"type.googleapis.com/google.cloud.functions.v1.OperationMetadataV1","target":"projects/chatter-app-f65ae/locations/us-central1/functions/sendWelcomeEmail","type":"CREATE_FUNCTION","request":{"@type":"type.googleapis.com/google.cloud.functions.v1.CloudFunction","name":"projects/chatter-app-f65ae/locations/us-central1/functions/sendWelcomeEmail","eventTrigger":{"eventType":"providers/firebase.auth/eventTypes/user.create","resource":"projects/chatter-app-f65ae"},"entryPoint":"sendWelcomeEmail","labels":{"deployment-tool":"cli-firebase","firebase-functions-hash":"5fc9295987e6d6d8fac102a3764c604ad8375dbd"},"sourceUploadUrl":"https://storage.googleapis.com/uploads-148345344135.us-central1.cloudfunctions.appspot.com/c2476be2-8b15-46ea-9ecf-34b835da40c7.zip?GoogleAccessId=service-198866169869@gcf-admin-robot.iam.gserviceaccount.com&Expires=1720359020&Signature=if%2BRhxfSkVcTO1mnUh3pPqjdPugzX0cGdl52pXPWBtjrEEQAKEPbL7pWfXaztU1eW4Qv74x1ENDBA9hSu0vU%2FYFt1irymkgEclOuQ76pgiZ9uXx8S%2Fh4jRO%2F7R%2BKPamKvVHZ2twv4RWQG2VUNOeOn%2BjeMznaQ4PrRvk3lh3Rv0xlkt%2FlOWWT2bvSGitUoU7QaDONg4y2URY6uNm7RIWPHR4efEfx4at%2BX%2BQttK74T%2F5s08EuC53JKkAkhv5lir0GgUa3plSJ%2BY5FLf%2BEp8sVbp72LSyBYTLX2owNg2VqEkcjwINMTIsNTiysdQ%2F3LqjxoWcu97HrbHtZWKg9hTq36Q%3D%3D","environmentVariables":{"FIREBASE_CONFIG":"{\"projectId\":\"chatter-app-f65ae\",\"databaseURL\":\"https://chatter-app-f65ae-default-rtdb.firebaseio.com\",\"storageBucket\":\"chatter-app-f65ae.appspot.com\",\"locationId\":\"us-central\"}","GCLOUD_PROJECT":"chatter-app-f65ae","EVENTARC_CLOUD_EVENT_SOURCE":"projects/chatter-app-f65ae/locations/us-central1/functions/sendWelcomeEmail"},"runtime":"nodejs18","buildEnvironmentVariables":{"GOOGLE_NODE_RUN_SCRIPTS":""},"dockerRegistry":"ARTIFACT_REGISTRY"},"versionId":"1","updateTime":"2024-07-07T13:00:23Z","buildId":"10476764-0f4b-4ca8-9f4f-ebd801a0d015","buildName":"projects/198866169869/locations/us-central1/builds/10476764-0f4b-4ca8-9f4f-ebd801a0d015"}}
[debug] [2024-07-07T13:01:01.551Z] [create-default-us-central1-sendWelcomeEmail] Retrying task index 0
[debug] [2024-07-07T13:01:01.555Z] >>> [apiv2][query] GET https://cloudfunctions.googleapis.com/v1/operations/Y2hhdHRlci1hcHAtZjY1YWUvdXMtY2VudHJhbDEvc2VuZFdlbGNvbWVFbWFpbC9KN0twNERFSFlqYw [none]
[debug] [2024-07-07T13:01:02.261Z] <<< [apiv2][status] GET https://cloudfunctions.googleapis.com/v1/operations/Y2hhdHRlci1hcHAtZjY1YWUvdXMtY2VudHJhbDEvc2VuZFdlbGNvbWVFbWFpbC9KN0twNERFSFlqYw 200
[debug] [2024-07-07T13:01:02.261Z] <<< [apiv2][body] GET https://cloudfunctions.googleapis.com/v1/operations/Y2hhdHRlci1hcHAtZjY1YWUvdXMtY2VudHJhbDEvc2VuZFdlbGNvbWVFbWFpbC9KN0twNERFSFlqYw {"name":"operations/Y2hhdHRlci1hcHAtZjY1YWUvdXMtY2VudHJhbDEvc2VuZFdlbGNvbWVFbWFpbC9KN0twNERFSFlqYw","metadata":{"@type":"type.googleapis.com/google.cloud.functions.v1.OperationMetadataV1","target":"projects/chatter-app-f65ae/locations/us-central1/functions/sendWelcomeEmail","type":"CREATE_FUNCTION","request":{"@type":"type.googleapis.com/google.cloud.functions.v1.CloudFunction","name":"projects/chatter-app-f65ae/locations/us-central1/functions/sendWelcomeEmail","eventTrigger":{"eventType":"providers/firebase.auth/eventTypes/user.create","resource":"projects/chatter-app-f65ae"},"entryPoint":"sendWelcomeEmail","labels":{"deployment-tool":"cli-firebase","firebase-functions-hash":"5fc9295987e6d6d8fac102a3764c604ad8375dbd"},"sourceUploadUrl":"https://storage.googleapis.com/uploads-148345344135.us-central1.cloudfunctions.appspot.com/c2476be2-8b15-46ea-9ecf-34b835da40c7.zip?GoogleAccessId=service-198866169869@gcf-admin-robot.iam.gserviceaccount.com&Expires=1720359020&Signature=if%2BRhxfSkVcTO1mnUh3pPqjdPugzX0cGdl52pXPWBtjrEEQAKEPbL7pWfXaztU1eW4Qv74x1ENDBA9hSu0vU%2FYFt1irymkgEclOuQ76pgiZ9uXx8S%2Fh4jRO%2F7R%2BKPamKvVHZ2twv4RWQG2VUNOeOn%2BjeMznaQ4PrRvk3lh3Rv0xlkt%2FlOWWT2bvSGitUoU7QaDONg4y2URY6uNm7RIWPHR4efEfx4at%2BX%2BQttK74T%2F5s08EuC53JKkAkhv5lir0GgUa3plSJ%2BY5FLf%2BEp8sVbp72LSyBYTLX2owNg2VqEkcjwINMTIsNTiysdQ%2F3LqjxoWcu97HrbHtZWKg9hTq36Q%3D%3D","environmentVariables":{"FIREBASE_CONFIG":"{\"projectId\":\"chatter-app-f65ae\",\"databaseURL\":\"https://chatter-app-f65ae-default-rtdb.firebaseio.com\",\"storageBucket\":\"chatter-app-f65ae.appspot.com\",\"locationId\":\"us-central\"}","GCLOUD_PROJECT":"chatter-app-f65ae","EVENTARC_CLOUD_EVENT_SOURCE":"projects/chatter-app-f65ae/locations/us-central1/functions/sendWelcomeEmail"},"runtime":"nodejs18","buildEnvironmentVariables":{"GOOGLE_NODE_RUN_SCRIPTS":""},"dockerRegistry":"ARTIFACT_REGISTRY"},"versionId":"1","updateTime":"2024-07-07T13:00:23Z","buildId":"10476764-0f4b-4ca8-9f4f-ebd801a0d015","buildName":"projects/198866169869/locations/us-central1/builds/10476764-0f4b-4ca8-9f4f-ebd801a0d015"}}
[debug] [2024-07-07T13:01:12.262Z] [create-default-us-central1-sendWelcomeEmail] Retrying task index 0
[debug] [2024-07-07T13:01:12.266Z] >>> [apiv2][query] GET https://cloudfunctions.googleapis.com/v1/operations/Y2hhdHRlci1hcHAtZjY1YWUvdXMtY2VudHJhbDEvc2VuZFdlbGNvbWVFbWFpbC9KN0twNERFSFlqYw [none]
[debug] [2024-07-07T13:01:12.831Z] <<< [apiv2][status] GET https://cloudfunctions.googleapis.com/v1/operations/Y2hhdHRlci1hcHAtZjY1YWUvdXMtY2VudHJhbDEvc2VuZFdlbGNvbWVFbWFpbC9KN0twNERFSFlqYw 200
[debug] [2024-07-07T13:01:12.831Z] <<< [apiv2][body] GET https://cloudfunctions.googleapis.com/v1/operations/Y2hhdHRlci1hcHAtZjY1YWUvdXMtY2VudHJhbDEvc2VuZFdlbGNvbWVFbWFpbC9KN0twNERFSFlqYw {"name":"operations/Y2hhdHRlci1hcHAtZjY1YWUvdXMtY2VudHJhbDEvc2VuZFdlbGNvbWVFbWFpbC9KN0twNERFSFlqYw","metadata":{"@type":"type.googleapis.com/google.cloud.functions.v1.OperationMetadataV1","target":"projects/chatter-app-f65ae/locations/us-central1/functions/sendWelcomeEmail","type":"CREATE_FUNCTION","request":{"@type":"type.googleapis.com/google.cloud.functions.v1.CloudFunction","name":"projects/chatter-app-f65ae/locations/us-central1/functions/sendWelcomeEmail","eventTrigger":{"eventType":"providers/firebase.auth/eventTypes/user.create","resource":"projects/chatter-app-f65ae"},"entryPoint":"sendWelcomeEmail","labels":{"deployment-tool":"cli-firebase","firebase-functions-hash":"5fc9295987e6d6d8fac102a3764c604ad8375dbd"},"sourceUploadUrl":"https://storage.googleapis.com/uploads-148345344135.us-central1.cloudfunctions.appspot.com/c2476be2-8b15-46ea-9ecf-34b835da40c7.zip?GoogleAccessId=service-198866169869@gcf-admin-robot.iam.gserviceaccount.com&Expires=1720359020&Signature=if%2BRhxfSkVcTO1mnUh3pPqjdPugzX0cGdl52pXPWBtjrEEQAKEPbL7pWfXaztU1eW4Qv74x1ENDBA9hSu0vU%2FYFt1irymkgEclOuQ76pgiZ9uXx8S%2Fh4jRO%2F7R%2BKPamKvVHZ2twv4RWQG2VUNOeOn%2BjeMznaQ4PrRvk3lh3Rv0xlkt%2FlOWWT2bvSGitUoU7QaDONg4y2URY6uNm7RIWPHR4efEfx4at%2BX%2BQttK74T%2F5s08EuC53JKkAkhv5lir0GgUa3plSJ%2BY5FLf%2BEp8sVbp72LSyBYTLX2owNg2VqEkcjwINMTIsNTiysdQ%2F3LqjxoWcu97HrbHtZWKg9hTq36Q%3D%3D","environmentVariables":{"FIREBASE_CONFIG":"{\"projectId\":\"chatter-app-f65ae\",\"databaseURL\":\"https://chatter-app-f65ae-default-rtdb.firebaseio.com\",\"storageBucket\":\"chatter-app-f65ae.appspot.com\",\"locationId\":\"us-central\"}","GCLOUD_PROJECT":"chatter-app-f65ae","EVENTARC_CLOUD_EVENT_SOURCE":"projects/chatter-app-f65ae/locations/us-central1/functions/sendWelcomeEmail"},"runtime":"nodejs18","buildEnvironmentVariables":{"GOOGLE_NODE_RUN_SCRIPTS":""},"dockerRegistry":"ARTIFACT_REGISTRY"},"versionId":"1","updateTime":"2024-07-07T13:00:23Z","buildId":"10476764-0f4b-4ca8-9f4f-ebd801a0d015","buildName":"projects/198866169869/locations/us-central1/builds/10476764-0f4b-4ca8-9f4f-ebd801a0d015"}}
[debug] [2024-07-07T13:01:22.833Z] [create-default-us-central1-sendWelcomeEmail] Retrying task index 0
[debug] [2024-07-07T13:01:22.834Z] >>> [apiv2][query] GET https://cloudfunctions.googleapis.com/v1/operations/Y2hhdHRlci1hcHAtZjY1YWUvdXMtY2VudHJhbDEvc2VuZFdlbGNvbWVFbWFpbC9KN0twNERFSFlqYw [none]
[debug] [2024-07-07T13:01:23.442Z] <<< [apiv2][status] GET https://cloudfunctions.googleapis.com/v1/operations/Y2hhdHRlci1hcHAtZjY1YWUvdXMtY2VudHJhbDEvc2VuZFdlbGNvbWVFbWFpbC9KN0twNERFSFlqYw 200
[debug] [2024-07-07T13:01:23.443Z] <<< [apiv2][body] GET https://cloudfunctions.googleapis.com/v1/operations/Y2hhdHRlci1hcHAtZjY1YWUvdXMtY2VudHJhbDEvc2VuZFdlbGNvbWVFbWFpbC9KN0twNERFSFlqYw {"name":"operations/Y2hhdHRlci1hcHAtZjY1YWUvdXMtY2VudHJhbDEvc2VuZFdlbGNvbWVFbWFpbC9KN0twNERFSFlqYw","metadata":{"@type":"type.googleapis.com/google.cloud.functions.v1.OperationMetadataV1","target":"projects/chatter-app-f65ae/locations/us-central1/functions/sendWelcomeEmail","type":"CREATE_FUNCTION","request":{"@type":"type.googleapis.com/google.cloud.functions.v1.CloudFunction","name":"projects/chatter-app-f65ae/locations/us-central1/functions/sendWelcomeEmail","eventTrigger":{"eventType":"providers/firebase.auth/eventTypes/user.create","resource":"projects/chatter-app-f65ae"},"entryPoint":"sendWelcomeEmail","labels":{"deployment-tool":"cli-firebase","firebase-functions-hash":"5fc9295987e6d6d8fac102a3764c604ad8375dbd"},"sourceUploadUrl":"https://storage.googleapis.com/uploads-148345344135.us-central1.cloudfunctions.appspot.com/c2476be2-8b15-46ea-9ecf-34b835da40c7.zip?GoogleAccessId=service-198866169869@gcf-admin-robot.iam.gserviceaccount.com&Expires=1720359020&Signature=if%2BRhxfSkVcTO1mnUh3pPqjdPugzX0cGdl52pXPWBtjrEEQAKEPbL7pWfXaztU1eW4Qv74x1ENDBA9hSu0vU%2FYFt1irymkgEclOuQ76pgiZ9uXx8S%2Fh4jRO%2F7R%2BKPamKvVHZ2twv4RWQG2VUNOeOn%2BjeMznaQ4PrRvk3lh3Rv0xlkt%2FlOWWT2bvSGitUoU7QaDONg4y2URY6uNm7RIWPHR4efEfx4at%2BX%2BQttK74T%2F5s08EuC53JKkAkhv5lir0GgUa3plSJ%2BY5FLf%2BEp8sVbp72LSyBYTLX2owNg2VqEkcjwINMTIsNTiysdQ%2F3LqjxoWcu97HrbHtZWKg9hTq36Q%3D%3D","environmentVariables":{"FIREBASE_CONFIG":"{\"projectId\":\"chatter-app-f65ae\",\"databaseURL\":\"https://chatter-app-f65ae-default-rtdb.firebaseio.com\",\"storageBucket\":\"chatter-app-f65ae.appspot.com\",\"locationId\":\"us-central\"}","GCLOUD_PROJECT":"chatter-app-f65ae","EVENTARC_CLOUD_EVENT_SOURCE":"projects/chatter-app-f65ae/locations/us-central1/functions/sendWelcomeEmail"},"runtime":"nodejs18","buildEnvironmentVariables":{"GOOGLE_NODE_RUN_SCRIPTS":""},"dockerRegistry":"ARTIFACT_REGISTRY"},"versionId":"1","updateTime":"2024-07-07T13:00:23Z","buildId":"10476764-0f4b-4ca8-9f4f-ebd801a0d015","buildName":"projects/198866169869/locations/us-central1/builds/10476764-0f4b-4ca8-9f4f-ebd801a0d015"}}
[debug] [2024-07-07T13:01:33.444Z] [create-default-us-central1-sendWelcomeEmail] Retrying task index 0
[debug] [2024-07-07T13:01:33.448Z] >>> [apiv2][query] GET https://cloudfunctions.googleapis.com/v1/operations/Y2hhdHRlci1hcHAtZjY1YWUvdXMtY2VudHJhbDEvc2VuZFdlbGNvbWVFbWFpbC9KN0twNERFSFlqYw [none]
[debug] [2024-07-07T13:01:33.976Z] <<< [apiv2][status] GET https://cloudfunctions.googleapis.com/v1/operations/Y2hhdHRlci1hcHAtZjY1YWUvdXMtY2VudHJhbDEvc2VuZFdlbGNvbWVFbWFpbC9KN0twNERFSFlqYw 200
[debug] [2024-07-07T13:01:33.977Z] <<< [apiv2][body] GET https://cloudfunctions.googleapis.com/v1/operations/Y2hhdHRlci1hcHAtZjY1YWUvdXMtY2VudHJhbDEvc2VuZFdlbGNvbWVFbWFpbC9KN0twNERFSFlqYw {"name":"operations/Y2hhdHRlci1hcHAtZjY1YWUvdXMtY2VudHJhbDEvc2VuZFdlbGNvbWVFbWFpbC9KN0twNERFSFlqYw","metadata":{"@type":"type.googleapis.com/google.cloud.functions.v1.OperationMetadataV1","target":"projects/chatter-app-f65ae/locations/us-central1/functions/sendWelcomeEmail","type":"CREATE_FUNCTION","request":{"@type":"type.googleapis.com/google.cloud.functions.v1.CloudFunction","name":"projects/chatter-app-f65ae/locations/us-central1/functions/sendWelcomeEmail","eventTrigger":{"eventType":"providers/firebase.auth/eventTypes/user.create","resource":"projects/chatter-app-f65ae"},"entryPoint":"sendWelcomeEmail","labels":{"deployment-tool":"cli-firebase","firebase-functions-hash":"5fc9295987e6d6d8fac102a3764c604ad8375dbd"},"sourceUploadUrl":"https://storage.googleapis.com/uploads-148345344135.us-central1.cloudfunctions.appspot.com/c2476be2-8b15-46ea-9ecf-34b835da40c7.zip?GoogleAccessId=service-198866169869@gcf-admin-robot.iam.gserviceaccount.com&Expires=1720359020&Signature=if%2BRhxfSkVcTO1mnUh3pPqjdPugzX0cGdl52pXPWBtjrEEQAKEPbL7pWfXaztU1eW4Qv74x1ENDBA9hSu0vU%2FYFt1irymkgEclOuQ76pgiZ9uXx8S%2Fh4jRO%2F7R%2BKPamKvVHZ2twv4RWQG2VUNOeOn%2BjeMznaQ4PrRvk3lh3Rv0xlkt%2FlOWWT2bvSGitUoU7QaDONg4y2URY6uNm7RIWPHR4efEfx4at%2BX%2BQttK74T%2F5s08EuC53JKkAkhv5lir0GgUa3plSJ%2BY5FLf%2BEp8sVbp72LSyBYTLX2owNg2VqEkcjwINMTIsNTiysdQ%2F3LqjxoWcu97HrbHtZWKg9hTq36Q%3D%3D","environmentVariables":{"FIREBASE_CONFIG":"{\"projectId\":\"chatter-app-f65ae\",\"databaseURL\":\"https://chatter-app-f65ae-default-rtdb.firebaseio.com\",\"storageBucket\":\"chatter-app-f65ae.appspot.com\",\"locationId\":\"us-central\"}","GCLOUD_PROJECT":"chatter-app-f65ae","EVENTARC_CLOUD_EVENT_SOURCE":"projects/chatter-app-f65ae/locations/us-central1/functions/sendWelcomeEmail"},"runtime":"nodejs18","buildEnvironmentVariables":{"GOOGLE_NODE_RUN_SCRIPTS":""},"dockerRegistry":"ARTIFACT_REGISTRY"},"versionId":"1","updateTime":"2024-07-07T13:00:23Z","buildId":"10476764-0f4b-4ca8-9f4f-ebd801a0d015","sourceToken":"2a957b5c-a124-44c4-a377-9bbc497a2ccb","buildName":"projects/198866169869/locations/us-central1/builds/10476764-0f4b-4ca8-9f4f-ebd801a0d015"}}
[debug] [2024-07-07T13:01:33.977Z] Got source token 2a957b5c-a124-44c4-a377-9bbc497a2ccb for region us-central1
[debug] [2024-07-07T13:01:43.980Z] [create-default-us-central1-sendWelcomeEmail] Retrying task index 0
[debug] [2024-07-07T13:01:43.983Z] >>> [apiv2][query] GET https://cloudfunctions.googleapis.com/v1/operations/Y2hhdHRlci1hcHAtZjY1YWUvdXMtY2VudHJhbDEvc2VuZFdlbGNvbWVFbWFpbC9KN0twNERFSFlqYw [none]
[debug] [2024-07-07T13:01:44.563Z] <<< [apiv2][status] GET https://cloudfunctions.googleapis.com/v1/operations/Y2hhdHRlci1hcHAtZjY1YWUvdXMtY2VudHJhbDEvc2VuZFdlbGNvbWVFbWFpbC9KN0twNERFSFlqYw 200
[debug] [2024-07-07T13:01:44.564Z] <<< [apiv2][body] GET https://cloudfunctions.googleapis.com/v1/operations/Y2hhdHRlci1hcHAtZjY1YWUvdXMtY2VudHJhbDEvc2VuZFdlbGNvbWVFbWFpbC9KN0twNERFSFlqYw {"name":"operations/Y2hhdHRlci1hcHAtZjY1YWUvdXMtY2VudHJhbDEvc2VuZFdlbGNvbWVFbWFpbC9KN0twNERFSFlqYw","metadata":{"@type":"type.googleapis.com/google.cloud.functions.v1.OperationMetadataV1","target":"projects/chatter-app-f65ae/locations/us-central1/functions/sendWelcomeEmail","type":"CREATE_FUNCTION","request":{"@type":"type.googleapis.com/google.cloud.functions.v1.CloudFunction","name":"projects/chatter-app-f65ae/locations/us-central1/functions/sendWelcomeEmail","eventTrigger":{"eventType":"providers/firebase.auth/eventTypes/user.create","resource":"projects/chatter-app-f65ae"},"entryPoint":"sendWelcomeEmail","labels":{"deployment-tool":"cli-firebase","firebase-functions-hash":"5fc9295987e6d6d8fac102a3764c604ad8375dbd"},"sourceUploadUrl":"https://storage.googleapis.com/uploads-148345344135.us-central1.cloudfunctions.appspot.com/c2476be2-8b15-46ea-9ecf-34b835da40c7.zip?GoogleAccessId=service-198866169869@gcf-admin-robot.iam.gserviceaccount.com&Expires=1720359020&Signature=if%2BRhxfSkVcTO1mnUh3pPqjdPugzX0cGdl52pXPWBtjrEEQAKEPbL7pWfXaztU1eW4Qv74x1ENDBA9hSu0vU%2FYFt1irymkgEclOuQ76pgiZ9uXx8S%2Fh4jRO%2F7R%2BKPamKvVHZ2twv4RWQG2VUNOeOn%2BjeMznaQ4PrRvk3lh3Rv0xlkt%2FlOWWT2bvSGitUoU7QaDONg4y2URY6uNm7RIWPHR4efEfx4at%2BX%2BQttK74T%2F5s08EuC53JKkAkhv5lir0GgUa3plSJ%2BY5FLf%2BEp8sVbp72LSyBYTLX2owNg2VqEkcjwINMTIsNTiysdQ%2F3LqjxoWcu97HrbHtZWKg9hTq36Q%3D%3D","environmentVariables":{"FIREBASE_CONFIG":"{\"projectId\":\"chatter-app-f65ae\",\"databaseURL\":\"https://chatter-app-f65ae-default-rtdb.firebaseio.com\",\"storageBucket\":\"chatter-app-f65ae.appspot.com\",\"locationId\":\"us-central\"}","GCLOUD_PROJECT":"chatter-app-f65ae","EVENTARC_CLOUD_EVENT_SOURCE":"projects/chatter-app-f65ae/locations/us-central1/functions/sendWelcomeEmail"},"runtime":"nodejs18","buildEnvironmentVariables":{"GOOGLE_NODE_RUN_SCRIPTS":""},"dockerRegistry":"ARTIFACT_REGISTRY"},"versionId":"1","updateTime":"2024-07-07T13:00:23Z","buildId":"10476764-0f4b-4ca8-9f4f-ebd801a0d015","sourceToken":"2a957b5c-a124-44c4-a377-9bbc497a2ccb","buildName":"projects/198866169869/locations/us-central1/builds/10476764-0f4b-4ca8-9f4f-ebd801a0d015"}}
[debug] [2024-07-07T13:01:44.564Z] Got source token 2a957b5c-a124-44c4-a377-9bbc497a2ccb for region us-central1
[debug] [2024-07-07T13:01:54.566Z] [create-default-us-central1-sendWelcomeEmail] Retrying task index 0
[debug] [2024-07-07T13:01:54.570Z] >>> [apiv2][query] GET https://cloudfunctions.googleapis.com/v1/operations/Y2hhdHRlci1hcHAtZjY1YWUvdXMtY2VudHJhbDEvc2VuZFdlbGNvbWVFbWFpbC9KN0twNERFSFlqYw [none]
[debug] [2024-07-07T13:01:55.119Z] <<< [apiv2][status] GET https://cloudfunctions.googleapis.com/v1/operations/Y2hhdHRlci1hcHAtZjY1YWUvdXMtY2VudHJhbDEvc2VuZFdlbGNvbWVFbWFpbC9KN0twNERFSFlqYw 200
[debug] [2024-07-07T13:01:55.120Z] <<< [apiv2][body] GET https://cloudfunctions.googleapis.com/v1/operations/Y2hhdHRlci1hcHAtZjY1YWUvdXMtY2VudHJhbDEvc2VuZFdlbGNvbWVFbWFpbC9KN0twNERFSFlqYw {"name":"operations/Y2hhdHRlci1hcHAtZjY1YWUvdXMtY2VudHJhbDEvc2VuZFdlbGNvbWVFbWFpbC9KN0twNERFSFlqYw","metadata":{"@type":"type.googleapis.com/google.cloud.functions.v1.OperationMetadataV1","target":"projects/chatter-app-f65ae/locations/us-central1/functions/sendWelcomeEmail","type":"CREATE_FUNCTION","request":{"@type":"type.googleapis.com/google.cloud.functions.v1.CloudFunction","name":"projects/chatter-app-f65ae/locations/us-central1/functions/sendWelcomeEmail","eventTrigger":{"eventType":"providers/firebase.auth/eventTypes/user.create","resource":"projects/chatter-app-f65ae"},"entryPoint":"sendWelcomeEmail","labels":{"deployment-tool":"cli-firebase","firebase-functions-hash":"5fc9295987e6d6d8fac102a3764c604ad8375dbd"},"sourceUploadUrl":"https://storage.googleapis.com/uploads-148345344135.us-central1.cloudfunctions.appspot.com/c2476be2-8b15-46ea-9ecf-34b835da40c7.zip?GoogleAccessId=service-198866169869@gcf-admin-robot.iam.gserviceaccount.com&Expires=1720359020&Signature=if%2BRhxfSkVcTO1mnUh3pPqjdPugzX0cGdl52pXPWBtjrEEQAKEPbL7pWfXaztU1eW4Qv74x1ENDBA9hSu0vU%2FYFt1irymkgEclOuQ76pgiZ9uXx8S%2Fh4jRO%2F7R%2BKPamKvVHZ2twv4RWQG2VUNOeOn%2BjeMznaQ4PrRvk3lh3Rv0xlkt%2FlOWWT2bvSGitUoU7QaDONg4y2URY6uNm7RIWPHR4efEfx4at%2BX%2BQttK74T%2F5s08EuC53JKkAkhv5lir0GgUa3plSJ%2BY5FLf%2BEp8sVbp72LSyBYTLX2owNg2VqEkcjwINMTIsNTiysdQ%2F3LqjxoWcu97HrbHtZWKg9hTq36Q%3D%3D","environmentVariables":{"FIREBASE_CONFIG":"{\"projectId\":\"chatter-app-f65ae\",\"databaseURL\":\"https://chatter-app-f65ae-default-rtdb.firebaseio.com\",\"storageBucket\":\"chatter-app-f65ae.appspot.com\",\"locationId\":\"us-central\"}","GCLOUD_PROJECT":"chatter-app-f65ae","EVENTARC_CLOUD_EVENT_SOURCE":"projects/chatter-app-f65ae/locations/us-central1/functions/sendWelcomeEmail"},"runtime":"nodejs18","buildEnvironmentVariables":{"GOOGLE_NODE_RUN_SCRIPTS":""},"dockerRegistry":"ARTIFACT_REGISTRY"},"versionId":"1","updateTime":"2024-07-07T13:01:54Z","buildId":"10476764-0f4b-4ca8-9f4f-ebd801a0d015","sourceToken":"2a957b5c-a124-44c4-a377-9bbc497a2ccb","buildName":"projects/198866169869/locations/us-central1/builds/10476764-0f4b-4ca8-9f4f-ebd801a0d015"},"done":true,"error":{"code":3,"message":"Function failed on loading user code. This is likely due to a bug in the user code. Error message: Provided module can't be loaded.\nDid you list all required modules in the package.json dependencies?\nDetailed stack trace: Error: Cannot find module 'nodemailer'\nRequire stack:\n- /workspace/index.js\n- /layers/google.nodejs.functions-framework/functions-framework/node_modules/@google-cloud/functions-framework/build/src/loader.js\n- /layers/google.nodejs.functions-framework/functions-framework/node_modules/@google-cloud/functions-framework/build/src/main.js\n    at Module._resolveFilename (node:internal/modules/cjs/loader:1140:15)\n    at Module._load (node:internal/modules/cjs/loader:981:27)\n    at Module.require (node:internal/modules/cjs/loader:1231:19)\n    at require (node:internal/modules/helpers:177:18)\n    at Object.<anonymous> (/workspace/index.js:22:20)\n    at Module._compile (node:internal/modules/cjs/loader:1364:14)\n    at Module._extensions..js (node:internal/modules/cjs/loader:1422:10)\n    at Module.load (node:internal/modules/cjs/loader:1203:32)\n    at Module._load (node:internal/modules/cjs/loader:1019:12)\n    at Module.require (node:internal/modules/cjs/loader:1231:19)\nCould not load the function, shutting down.. Please visit https://cloud.google.com/functions/docs/troubleshooting for in-depth troubleshooting documentation."}}
[debug] [2024-07-07T13:01:55.120Z] Got source token 2a957b5c-a124-44c4-a377-9bbc497a2ccb for region us-central1
[error] Function failed on loading user code. This is likely due to a bug in the user code. Error message: Provided module can't be loaded.
Did you list all required modules in the package.json dependencies?
Detailed stack trace: Error: Cannot find module 'nodemailer'
Require stack:
- /workspace/index.js
- /layers/google.nodejs.functions-framework/functions-framework/node_modules/@google-cloud/functions-framework/build/src/loader.js
- /layers/google.nodejs.functions-framework/functions-framework/node_modules/@google-cloud/functions-framework/build/src/main.js
    at Module._resolveFilename (node:internal/modules/cjs/loader:1140:15)
    at Module._load (node:internal/modules/cjs/loader:981:27)
    at Module.require (node:internal/modules/cjs/loader:1231:19)
    at require (node:internal/modules/helpers:177:18)
    at Object.<anonymous> (/workspace/index.js:22:20)
    at Module._compile (node:internal/modules/cjs/loader:1364:14)
    at Module._extensions..js (node:internal/modules/cjs/loader:1422:10)
    at Module.load (node:internal/modules/cjs/loader:1203:32)
    at Module._load (node:internal/modules/cjs/loader:1019:12)
    at Module.require (node:internal/modules/cjs/loader:1231:19)
Could not load the function, shutting down.. Please visit https://cloud.google.com/functions/docs/troubleshooting for in-depth troubleshooting documentation.
[debug] [2024-07-07T13:01:55.135Z] Total Function Deployment time: 93008
[debug] [2024-07-07T13:01:55.135Z] 1 Functions Deployed
[debug] [2024-07-07T13:01:55.135Z] 1 Functions Errored
[debug] [2024-07-07T13:01:55.135Z] 0 Function Deployments Aborted
[debug] [2024-07-07T13:01:55.135Z] Average Function Deployment time: 93006
[info] 
[info] Functions deploy had errors with the following functions:
	sendWelcomeEmail(us-central1)
[info] i  functions: cleaning up build files... 
[debug] [2024-07-07T13:01:55.602Z] >>> [apiv2][query] DELETE https://artifactregistry.googleapis.com/v1beta2/projects/chatter-app-f65ae/locations/us-central1/repositories/gcf-artifacts/packages/send_welcome_email [none]
[debug] [2024-07-07T13:01:55.604Z] >>> [apiv2][query] GET https://us.gcr.io/v2/chatter-app-f65ae/gcf/us-central1/tags/list [none]
[debug] [2024-07-07T13:01:56.908Z] <<< [apiv2][status] DELETE https://artifactregistry.googleapis.com/v1beta2/projects/chatter-app-f65ae/locations/us-central1/repositories/gcf-artifacts/packages/send_welcome_email 200
[debug] [2024-07-07T13:01:56.908Z] <<< [apiv2][body] DELETE https://artifactregistry.googleapis.com/v1beta2/projects/chatter-app-f65ae/locations/us-central1/repositories/gcf-artifacts/packages/send_welcome_email {"name":"projects/chatter-app-f65ae/locations/us-central1/operations/86a42583-6043-4d9c-8d24-4d090c8c6cac","metadata":{"@type":"type.googleapis.com/google.devtools.artifactregistry.v1beta2.OperationMetadata"}}
[debug] [2024-07-07T13:01:56.909Z] >>> [apiv2][query] GET https://artifactregistry.googleapis.com/v1beta2/projects/chatter-app-f65ae/locations/us-central1/operations/86a42583-6043-4d9c-8d24-4d090c8c6cac [none]
[debug] [2024-07-07T13:01:57.700Z] <<< [apiv2][status] GET https://artifactregistry.googleapis.com/v1beta2/projects/chatter-app-f65ae/locations/us-central1/operations/86a42583-6043-4d9c-8d24-4d090c8c6cac 200
[debug] [2024-07-07T13:01:57.700Z] <<< [apiv2][body] GET https://artifactregistry.googleapis.com/v1beta2/projects/chatter-app-f65ae/locations/us-central1/operations/86a42583-6043-4d9c-8d24-4d090c8c6cac {"name":"projects/chatter-app-f65ae/locations/us-central1/operations/86a42583-6043-4d9c-8d24-4d090c8c6cac","metadata":{"@type":"type.googleapis.com/google.devtools.artifactregistry.v1beta2.OperationMetadata"},"done":true,"response":{"@type":"type.googleapis.com/google.protobuf.Empty"}}
[debug] [2024-07-07T13:01:57.962Z] <<< [apiv2][status] GET https://us.gcr.io/v2/chatter-app-f65ae/gcf/us-central1/tags/list 404
[debug] [2024-07-07T13:01:57.962Z] <<< [apiv2][body] GET https://us.gcr.io/v2/chatter-app-f65ae/gcf/us-central1/tags/list {"errors":[{"code":"NAME_UNKNOWN","message":"Repository \"us.gcr.io\" not found"}]}
[debug] [2024-07-07T13:01:57.964Z] Failed docker command with error  HTTP Error: 404, Not Found {"name":"FirebaseError","children":[],"context":{"body":{"errors":[{"code":"NAME_UNKNOWN","message":"Repository \"us.gcr.io\" not found"}],"error":{"message":"Not Found"}},"response":{"statusCode":404}},"exit":1,"message":"HTTP Error: 404, Not Found","status":404}
[debug] [2024-07-07T13:01:57.966Z] >>> [apiv2][query] GET https://us.gcr.io/v2/chatter-app-f65ae/gcf/us-central1/tags/list [none]
[debug] [2024-07-07T13:01:58.318Z] <<< [apiv2][status] GET https://us.gcr.io/v2/chatter-app-f65ae/gcf/us-central1/tags/list 404
[debug] [2024-07-07T13:01:58.319Z] <<< [apiv2][body] GET https://us.gcr.io/v2/chatter-app-f65ae/gcf/us-central1/tags/list {"errors":[{"code":"NAME_UNKNOWN","message":"Repository \"us.gcr.io\" not found"}]}
[debug] [2024-07-07T13:01:58.319Z] Failed docker command with error  HTTP Error: 404, Not Found {"name":"FirebaseError","children":[],"context":{"body":{"errors":[{"code":"NAME_UNKNOWN","message":"Repository \"us.gcr.io\" not found"}],"error":{"message":"Not Found"}},"response":{"statusCode":404}},"exit":1,"message":"HTTP Error: 404, Not Found","status":404}
[debug] [2024-07-07T13:01:58.421Z] >>> [apiv2][query] GET https://us.gcr.io/v2/chatter-app-f65ae/gcf/us-central1/tags/list [none]
[debug] [2024-07-07T13:01:58.762Z] <<< [apiv2][status] GET https://us.gcr.io/v2/chatter-app-f65ae/gcf/us-central1/tags/list 404
[debug] [2024-07-07T13:01:58.762Z] <<< [apiv2][body] GET https://us.gcr.io/v2/chatter-app-f65ae/gcf/us-central1/tags/list {"errors":[{"code":"NAME_UNKNOWN","message":"Repository \"us.gcr.io\" not found"}]}
[debug] [2024-07-07T13:01:58.762Z] Failed docker command with error  HTTP Error: 404, Not Found {"name":"FirebaseError","children":[],"context":{"body":{"errors":[{"code":"NAME_UNKNOWN","message":"Repository \"us.gcr.io\" not found"}],"error":{"message":"Not Found"}},"response":{"statusCode":404}},"exit":1,"message":"HTTP Error: 404, Not Found","status":404}
[warn] ⚠  functions: Unhandled error cleaning up build images. This could result in a small monthly bill if not corrected. You can attempt to delete these images by redeploying or you can delete them manually at https://console.cloud.google.com/gcr/images/chatter-app-f65ae/us/gcf 
[debug] [2024-07-07T13:01:58.764Z] Functions deploy failed.
[debug] [2024-07-07T13:01:58.764Z] {
  "endpoint": {
    "id": "sendWelcomeEmail",
    "project": "chatter-app-f65ae",
    "region": "us-central1",
    "entryPoint": "sendWelcomeEmail",
    "platform": "gcfv1",
    "runtime": "nodejs18",
    "eventTrigger": {
      "eventType": "providers/firebase.auth/eventTypes/user.create",
      "retry": false,
      "eventFilters": {
        "resource": "projects/chatter-app-f65ae"
      }
    },
    "labels": {
      "deployment-tool": "cli-firebase"
    },
    "ingressSettings": null,
    "availableMemoryMb": null,
    "serviceAccount": null,
    "timeoutSeconds": null,
    "maxInstances": null,
    "minInstances": null,
    "vpc": null,
    "environmentVariables": {
      "FIREBASE_CONFIG": "{\"projectId\":\"chatter-app-f65ae\",\"databaseURL\":\"https://chatter-app-f65ae-default-rtdb.firebaseio.com\",\"storageBucket\":\"chatter-app-f65ae.appspot.com\",\"locationId\":\"us-central\"}",
      "GCLOUD_PROJECT": "chatter-app-f65ae",
      "EVENTARC_CLOUD_EVENT_SOURCE": "projects/chatter-app-f65ae/locations/us-central1/functions/sendWelcomeEmail"
    },
    "codebase": "default",
    "targetedByOnly": false,
    "hash": "5fc9295987e6d6d8fac102a3764c604ad8375dbd"
  },
  "op": "create",
  "original": {
    "name": "FirebaseError",
    "children": [],
    "exit": 1,
    "message": "Function failed on loading user code. This is likely due to a bug in the user code. Error message: Provided module can't be loaded.\nDid you list all required modules in the package.json dependencies?\nDetailed stack trace: Error: Cannot find module 'nodemailer'\nRequire stack:\n- /workspace/index.js\n- /layers/google.nodejs.functions-framework/functions-framework/node_modules/@google-cloud/functions-framework/build/src/loader.js\n- /layers/google.nodejs.functions-framework/functions-framework/node_modules/@google-cloud/functions-framework/build/src/main.js\n    at Module._resolveFilename (node:internal/modules/cjs/loader:1140:15)\n    at Module._load (node:internal/modules/cjs/loader:981:27)\n    at Module.require (node:internal/modules/cjs/loader:1231:19)\n    at require (node:internal/modules/helpers:177:18)\n    at Object.<anonymous> (/workspace/index.js:22:20)\n    at Module._compile (node:internal/modules/cjs/loader:1364:14)\n    at Module._extensions..js (node:internal/modules/cjs/loader:1422:10)\n    at Module.load (node:internal/modules/cjs/loader:1203:32)\n    at Module._load (node:internal/modules/cjs/loader:1019:12)\n    at Module.require (node:internal/modules/cjs/loader:1231:19)\nCould not load the function, shutting down.. Please visit https://cloud.google.com/functions/docs/troubleshooting for in-depth troubleshooting documentation.",
    "status": 3,
    "code": 3
  }
}
[debug] [2024-07-07T13:01:58.922Z] Error: Failed to create function sendWelcomeEmail in region us-central1
    at /Users/lilian/.config/yarn/global/node_modules/firebase-tools/lib/deploy/functions/release/fabricator.js:51:11
    at process.processTicksAndRejections (node:internal/process/task_queues:95:5)
    at async Fabricator.createV1Function (/Users/lilian/.config/yarn/global/node_modules/firebase-tools/lib/deploy/functions/release/fabricator.js:181:32)
    at async Fabricator.createEndpoint (/Users/lilian/.config/yarn/global/node_modules/firebase-tools/lib/deploy/functions/release/fabricator.js:133:13)
    at async handle (/Users/lilian/.config/yarn/global/node_modules/firebase-tools/lib/deploy/functions/release/fabricator.js:88:17)
[error] 
[error] Error: There was an error deploying functions
